Classic Timing Analyzer report for game
Thu Nov 24 14:16:48 2022
Quartus II 64-Bit Version 9.1 Build 222 10/21/2009 SJ Full Version


---------------------
; Table of Contents ;
---------------------
  1. Legal Notice
  2. Timing Analyzer Summary
  3. Timing Analyzer Settings
  4. Clock Settings Summary
  5. Parallel Compilation
  6. Clock Setup: 'clk1khz'
  7. Clock Hold: 'clk1khz'
  8. tsu
  9. tco
 10. th
 11. Timing Analyzer Messages



----------------
; Legal Notice ;
----------------
Copyright (C) 1991-2009 Altera Corporation
Your use of Altera Corporation's design tools, logic functions 
and other software and tools, and its AMPP partner logic 
functions, and any output files from any of the foregoing 
(including device programming or simulation files), and any 
associated documentation or information are expressly subject 
to the terms and conditions of the Altera Program License 
Subscription Agreement, Altera MegaCore Function License 
Agreement, or other applicable license agreement, including, 
without limitation, that your use is for the sole purpose of 
programming logic devices manufactured by Altera and sold by 
Altera or its authorized distributors.  Please refer to the 
applicable agreement for further details.



+---------------------------------------------------------------------------------------------------------------------------------------------------------------------------------------------------------------------+
; Timing Analyzer Summary                                                                                                                                                                                             ;
+------------------------------+------------------------------------------+---------------+----------------------------------+------------------------+------------------------+------------+----------+--------------+
; Type                         ; Slack                                    ; Required Time ; Actual Time                      ; From                   ; To                     ; From Clock ; To Clock ; Failed Paths ;
+------------------------------+------------------------------------------+---------------+----------------------------------+------------------------+------------------------+------------+----------+--------------+
; Worst-case tsu               ; N/A                                      ; None          ; 2.337 ns                         ; human                  ; humanmove:u2|humansetr ; --         ; clk1khz  ; 0            ;
; Worst-case tco               ; N/A                                      ; None          ; 16.557 ns                        ; humanmove:u2|led[14]   ; led[14]                ; clk1khz    ; --       ; 0            ;
; Worst-case th                ; N/A                                      ; None          ; -1.308 ns                        ; human                  ; humanmove:u2|humanmove ; --         ; clk1khz  ; 0            ;
; Clock Setup: 'clk1khz'       ; N/A                                      ; None          ; 57.69 MHz ( period = 17.334 ns ) ; humanmove:u2|movedone  ; humanmove:u2|humansetr ; clk1khz    ; clk1khz  ; 0            ;
; Clock Hold: 'clk1khz'        ; Not operational: Clock Skew > Data Delay ; None          ; N/A                              ; humanmove:u2|humansetr ; humanmove:u2|led[15]   ; clk1khz    ; clk1khz  ; 19           ;
; Total number of failed paths ;                                          ;               ;                                  ;                        ;                        ;            ;          ; 19           ;
+------------------------------+------------------------------------------+---------------+----------------------------------+------------------------+------------------------+------------+----------+--------------+


+-----------------------------------------------------------------------------------------------------------------------------------------------------+
; Timing Analyzer Settings                                                                                                                            ;
+------------------------------------------------------------------------------------------------------+--------------------+------+----+-------------+
; Option                                                                                               ; Setting            ; From ; To ; Entity Name ;
+------------------------------------------------------------------------------------------------------+--------------------+------+----+-------------+
; Device Name                                                                                          ; EPM1270T144C5      ;      ;    ;             ;
; Timing Models                                                                                        ; Final              ;      ;    ;             ;
; Default hold multicycle                                                                              ; Same as Multicycle ;      ;    ;             ;
; Cut paths between unrelated clock domains                                                            ; On                 ;      ;    ;             ;
; Cut off read during write signal paths                                                               ; On                 ;      ;    ;             ;
; Cut off feedback from I/O pins                                                                       ; On                 ;      ;    ;             ;
; Report Combined Fast/Slow Timing                                                                     ; Off                ;      ;    ;             ;
; Ignore Clock Settings                                                                                ; Off                ;      ;    ;             ;
; Analyze latches as synchronous elements                                                              ; On                 ;      ;    ;             ;
; Enable Recovery/Removal analysis                                                                     ; Off                ;      ;    ;             ;
; Enable Clock Latency                                                                                 ; Off                ;      ;    ;             ;
; Use TimeQuest Timing Analyzer                                                                        ; Off                ;      ;    ;             ;
; Minimum Core Junction Temperature                                                                    ; 0                  ;      ;    ;             ;
; Maximum Core Junction Temperature                                                                    ; 85                 ;      ;    ;             ;
; Number of source nodes to report per destination node                                                ; 10                 ;      ;    ;             ;
; Number of destination nodes to report                                                                ; 10                 ;      ;    ;             ;
; Number of paths to report                                                                            ; 200                ;      ;    ;             ;
; Report Minimum Timing Checks                                                                         ; Off                ;      ;    ;             ;
; Use Fast Timing Models                                                                               ; Off                ;      ;    ;             ;
; Report IO Paths Separately                                                                           ; Off                ;      ;    ;             ;
; Perform Multicorner Analysis                                                                         ; Off                ;      ;    ;             ;
; Reports the worst-case path for each clock domain and analysis                                       ; Off                ;      ;    ;             ;
; Reports worst-case timing paths for each clock domain and analysis                                   ; On                 ;      ;    ;             ;
; Specifies the maximum number of worst-case timing paths to report for each clock domain and analysis ; 100                ;      ;    ;             ;
; Removes common clock path pessimism (CCPP) during slack computation                                  ; Off                ;      ;    ;             ;
; Output I/O Timing Endpoint                                                                           ; Near End           ;      ;    ;             ;
+------------------------------------------------------------------------------------------------------+--------------------+------+----+-------------+


+------------------------------------------------------------------------------------------------------------------------------------------------------------------------------------+
; Clock Settings Summary                                                                                                                                                             ;
+-----------------+--------------------+----------+------------------+---------------+--------------+----------+-----------------------+---------------------+--------+--------------+
; Clock Node Name ; Clock Setting Name ; Type     ; Fmax Requirement ; Early Latency ; Late Latency ; Based on ; Multiply Base Fmax by ; Divide Base Fmax by ; Offset ; Phase offset ;
+-----------------+--------------------+----------+------------------+---------------+--------------+----------+-----------------------+---------------------+--------+--------------+
; clk1khz         ;                    ; User Pin ; None             ; 0.000 ns      ; 0.000 ns     ; --       ; N/A                   ; N/A                 ; N/A    ;              ;
+-----------------+--------------------+----------+------------------+---------------+--------------+----------+-----------------------+---------------------+--------+--------------+


+------------------------------------------+
; Parallel Compilation                     ;
+----------------------------+-------------+
; Processors                 ; Number      ;
+----------------------------+-------------+
; Number detected on machine ; 8           ;
; Maximum allowed            ; 8           ;
;                            ;             ;
; Average used               ; 1.00        ;
; Maximum used               ; 1           ;
;                            ;             ;
; Usage by Processor         ; % Time Used ;
;     1 processor            ; 100.0%      ;
;     2-8 processors         ;   0.0%      ;
+----------------------------+-------------+


+------------------------------------------------------------------------------------------------------------------------------------------------------------------------------------------------------------------------------------------------------------+
; Clock Setup: 'clk1khz'                                                                                                                                                                                                                                     ;
+-----------------------------------------+-----------------------------------------------------+-----------------------+------------------------+------------+----------+-----------------------------+---------------------------+-------------------------+
; Slack                                   ; Actual fmax (period)                                ; From                  ; To                     ; From Clock ; To Clock ; Required Setup Relationship ; Required Longest P2P Time ; Actual Longest P2P Time ;
+-----------------------------------------+-----------------------------------------------------+-----------------------+------------------------+------------+----------+-----------------------------+---------------------------+-------------------------+
; N/A                                     ; 57.69 MHz ( period = 17.334 ns )                    ; humanmove:u2|movedone ; humanmove:u2|humansetr ; clk1khz    ; clk1khz  ; None                        ; None                      ; 2.017 ns                ;
; N/A                                     ; 58.03 MHz ( period = 17.232 ns )                    ; humanmove:u2|humanisr ; humanmove:u2|humansetr ; clk1khz    ; clk1khz  ; None                        ; None                      ; 1.966 ns                ;
; N/A                                     ; 98.47 MHz ( period = 10.155 ns )                    ; humanmove:u2|led[0]   ; humanmove:u2|led[0]    ; clk1khz    ; clk1khz  ; None                        ; None                      ; 9.446 ns                ;
; N/A                                     ; 98.47 MHz ( period = 10.155 ns )                    ; humanmove:u2|led[0]   ; humanmove:u2|led[1]    ; clk1khz    ; clk1khz  ; None                        ; None                      ; 9.446 ns                ;
; N/A                                     ; 98.47 MHz ( period = 10.155 ns )                    ; humanmove:u2|led[0]   ; humanmove:u2|led[2]    ; clk1khz    ; clk1khz  ; None                        ; None                      ; 9.446 ns                ;
; N/A                                     ; 98.47 MHz ( period = 10.155 ns )                    ; humanmove:u2|led[0]   ; humanmove:u2|led[3]    ; clk1khz    ; clk1khz  ; None                        ; None                      ; 9.446 ns                ;
; N/A                                     ; 98.47 MHz ( period = 10.155 ns )                    ; humanmove:u2|led[0]   ; humanmove:u2|led[4]    ; clk1khz    ; clk1khz  ; None                        ; None                      ; 9.446 ns                ;
; N/A                                     ; 98.47 MHz ( period = 10.155 ns )                    ; humanmove:u2|led[0]   ; humanmove:u2|led[5]    ; clk1khz    ; clk1khz  ; None                        ; None                      ; 9.446 ns                ;
; N/A                                     ; 98.47 MHz ( period = 10.155 ns )                    ; humanmove:u2|led[0]   ; humanmove:u2|led[6]    ; clk1khz    ; clk1khz  ; None                        ; None                      ; 9.446 ns                ;
; N/A                                     ; 99.14 MHz ( period = 10.087 ns )                    ; humanmove:u2|led[0]   ; humanmove:u2|led[7]    ; clk1khz    ; clk1khz  ; None                        ; None                      ; 9.378 ns                ;
; N/A                                     ; 99.14 MHz ( period = 10.087 ns )                    ; humanmove:u2|led[0]   ; humanmove:u2|led[8]    ; clk1khz    ; clk1khz  ; None                        ; None                      ; 9.378 ns                ;
; N/A                                     ; 99.14 MHz ( period = 10.087 ns )                    ; humanmove:u2|led[0]   ; humanmove:u2|led[9]    ; clk1khz    ; clk1khz  ; None                        ; None                      ; 9.378 ns                ;
; N/A                                     ; 99.14 MHz ( period = 10.087 ns )                    ; humanmove:u2|led[0]   ; humanmove:u2|led[10]   ; clk1khz    ; clk1khz  ; None                        ; None                      ; 9.378 ns                ;
; N/A                                     ; 99.14 MHz ( period = 10.087 ns )                    ; humanmove:u2|led[0]   ; humanmove:u2|led[11]   ; clk1khz    ; clk1khz  ; None                        ; None                      ; 9.378 ns                ;
; N/A                                     ; 99.14 MHz ( period = 10.087 ns )                    ; humanmove:u2|led[0]   ; humanmove:u2|led[12]   ; clk1khz    ; clk1khz  ; None                        ; None                      ; 9.378 ns                ;
; N/A                                     ; 99.14 MHz ( period = 10.087 ns )                    ; humanmove:u2|led[0]   ; humanmove:u2|led[13]   ; clk1khz    ; clk1khz  ; None                        ; None                      ; 9.378 ns                ;
; N/A                                     ; 99.14 MHz ( period = 10.087 ns )                    ; humanmove:u2|led[0]   ; humanmove:u2|led[14]   ; clk1khz    ; clk1khz  ; None                        ; None                      ; 9.378 ns                ;
; N/A                                     ; 99.14 MHz ( period = 10.087 ns )                    ; humanmove:u2|led[0]   ; humanmove:u2|led[15]   ; clk1khz    ; clk1khz  ; None                        ; None                      ; 9.378 ns                ;
; N/A                                     ; 100.99 MHz ( period = 9.902 ns )                    ; humanmove:u2|led[11]  ; humanmove:u2|led[0]    ; clk1khz    ; clk1khz  ; None                        ; None                      ; 9.193 ns                ;
; N/A                                     ; 100.99 MHz ( period = 9.902 ns )                    ; humanmove:u2|led[11]  ; humanmove:u2|led[1]    ; clk1khz    ; clk1khz  ; None                        ; None                      ; 9.193 ns                ;
; N/A                                     ; 100.99 MHz ( period = 9.902 ns )                    ; humanmove:u2|led[11]  ; humanmove:u2|led[2]    ; clk1khz    ; clk1khz  ; None                        ; None                      ; 9.193 ns                ;
; N/A                                     ; 100.99 MHz ( period = 9.902 ns )                    ; humanmove:u2|led[11]  ; humanmove:u2|led[3]    ; clk1khz    ; clk1khz  ; None                        ; None                      ; 9.193 ns                ;
; N/A                                     ; 100.99 MHz ( period = 9.902 ns )                    ; humanmove:u2|led[11]  ; humanmove:u2|led[4]    ; clk1khz    ; clk1khz  ; None                        ; None                      ; 9.193 ns                ;
; N/A                                     ; 100.99 MHz ( period = 9.902 ns )                    ; humanmove:u2|led[11]  ; humanmove:u2|led[5]    ; clk1khz    ; clk1khz  ; None                        ; None                      ; 9.193 ns                ;
; N/A                                     ; 100.99 MHz ( period = 9.902 ns )                    ; humanmove:u2|led[11]  ; humanmove:u2|led[6]    ; clk1khz    ; clk1khz  ; None                        ; None                      ; 9.193 ns                ;
; N/A                                     ; 101.06 MHz ( period = 9.895 ns )                    ; humanmove:u2|led[15]  ; humanmove:u2|led[0]    ; clk1khz    ; clk1khz  ; None                        ; None                      ; 9.186 ns                ;
; N/A                                     ; 101.06 MHz ( period = 9.895 ns )                    ; humanmove:u2|led[15]  ; humanmove:u2|led[1]    ; clk1khz    ; clk1khz  ; None                        ; None                      ; 9.186 ns                ;
; N/A                                     ; 101.06 MHz ( period = 9.895 ns )                    ; humanmove:u2|led[15]  ; humanmove:u2|led[2]    ; clk1khz    ; clk1khz  ; None                        ; None                      ; 9.186 ns                ;
; N/A                                     ; 101.06 MHz ( period = 9.895 ns )                    ; humanmove:u2|led[15]  ; humanmove:u2|led[3]    ; clk1khz    ; clk1khz  ; None                        ; None                      ; 9.186 ns                ;
; N/A                                     ; 101.06 MHz ( period = 9.895 ns )                    ; humanmove:u2|led[15]  ; humanmove:u2|led[4]    ; clk1khz    ; clk1khz  ; None                        ; None                      ; 9.186 ns                ;
; N/A                                     ; 101.06 MHz ( period = 9.895 ns )                    ; humanmove:u2|led[15]  ; humanmove:u2|led[5]    ; clk1khz    ; clk1khz  ; None                        ; None                      ; 9.186 ns                ;
; N/A                                     ; 101.06 MHz ( period = 9.895 ns )                    ; humanmove:u2|led[15]  ; humanmove:u2|led[6]    ; clk1khz    ; clk1khz  ; None                        ; None                      ; 9.186 ns                ;
; N/A                                     ; 101.69 MHz ( period = 9.834 ns )                    ; humanmove:u2|led[11]  ; humanmove:u2|led[7]    ; clk1khz    ; clk1khz  ; None                        ; None                      ; 9.125 ns                ;
; N/A                                     ; 101.69 MHz ( period = 9.834 ns )                    ; humanmove:u2|led[11]  ; humanmove:u2|led[8]    ; clk1khz    ; clk1khz  ; None                        ; None                      ; 9.125 ns                ;
; N/A                                     ; 101.69 MHz ( period = 9.834 ns )                    ; humanmove:u2|led[11]  ; humanmove:u2|led[9]    ; clk1khz    ; clk1khz  ; None                        ; None                      ; 9.125 ns                ;
; N/A                                     ; 101.69 MHz ( period = 9.834 ns )                    ; humanmove:u2|led[11]  ; humanmove:u2|led[10]   ; clk1khz    ; clk1khz  ; None                        ; None                      ; 9.125 ns                ;
; N/A                                     ; 101.69 MHz ( period = 9.834 ns )                    ; humanmove:u2|led[11]  ; humanmove:u2|led[11]   ; clk1khz    ; clk1khz  ; None                        ; None                      ; 9.125 ns                ;
; N/A                                     ; 101.69 MHz ( period = 9.834 ns )                    ; humanmove:u2|led[11]  ; humanmove:u2|led[12]   ; clk1khz    ; clk1khz  ; None                        ; None                      ; 9.125 ns                ;
; N/A                                     ; 101.69 MHz ( period = 9.834 ns )                    ; humanmove:u2|led[11]  ; humanmove:u2|led[13]   ; clk1khz    ; clk1khz  ; None                        ; None                      ; 9.125 ns                ;
; N/A                                     ; 101.69 MHz ( period = 9.834 ns )                    ; humanmove:u2|led[11]  ; humanmove:u2|led[14]   ; clk1khz    ; clk1khz  ; None                        ; None                      ; 9.125 ns                ;
; N/A                                     ; 101.69 MHz ( period = 9.834 ns )                    ; humanmove:u2|led[11]  ; humanmove:u2|led[15]   ; clk1khz    ; clk1khz  ; None                        ; None                      ; 9.125 ns                ;
; N/A                                     ; 101.76 MHz ( period = 9.827 ns )                    ; humanmove:u2|led[15]  ; humanmove:u2|led[7]    ; clk1khz    ; clk1khz  ; None                        ; None                      ; 9.118 ns                ;
; N/A                                     ; 101.76 MHz ( period = 9.827 ns )                    ; humanmove:u2|led[15]  ; humanmove:u2|led[8]    ; clk1khz    ; clk1khz  ; None                        ; None                      ; 9.118 ns                ;
; N/A                                     ; 101.76 MHz ( period = 9.827 ns )                    ; humanmove:u2|led[15]  ; humanmove:u2|led[9]    ; clk1khz    ; clk1khz  ; None                        ; None                      ; 9.118 ns                ;
; N/A                                     ; 101.76 MHz ( period = 9.827 ns )                    ; humanmove:u2|led[15]  ; humanmove:u2|led[10]   ; clk1khz    ; clk1khz  ; None                        ; None                      ; 9.118 ns                ;
; N/A                                     ; 101.76 MHz ( period = 9.827 ns )                    ; humanmove:u2|led[15]  ; humanmove:u2|led[11]   ; clk1khz    ; clk1khz  ; None                        ; None                      ; 9.118 ns                ;
; N/A                                     ; 101.76 MHz ( period = 9.827 ns )                    ; humanmove:u2|led[15]  ; humanmove:u2|led[12]   ; clk1khz    ; clk1khz  ; None                        ; None                      ; 9.118 ns                ;
; N/A                                     ; 101.76 MHz ( period = 9.827 ns )                    ; humanmove:u2|led[15]  ; humanmove:u2|led[13]   ; clk1khz    ; clk1khz  ; None                        ; None                      ; 9.118 ns                ;
; N/A                                     ; 101.76 MHz ( period = 9.827 ns )                    ; humanmove:u2|led[15]  ; humanmove:u2|led[14]   ; clk1khz    ; clk1khz  ; None                        ; None                      ; 9.118 ns                ;
; N/A                                     ; 101.76 MHz ( period = 9.827 ns )                    ; humanmove:u2|led[15]  ; humanmove:u2|led[15]   ; clk1khz    ; clk1khz  ; None                        ; None                      ; 9.118 ns                ;
; N/A                                     ; 104.22 MHz ( period = 9.595 ns )                    ; humanmove:u2|led[12]  ; humanmove:u2|led[0]    ; clk1khz    ; clk1khz  ; None                        ; None                      ; 8.886 ns                ;
; N/A                                     ; 104.22 MHz ( period = 9.595 ns )                    ; humanmove:u2|led[12]  ; humanmove:u2|led[1]    ; clk1khz    ; clk1khz  ; None                        ; None                      ; 8.886 ns                ;
; N/A                                     ; 104.22 MHz ( period = 9.595 ns )                    ; humanmove:u2|led[12]  ; humanmove:u2|led[2]    ; clk1khz    ; clk1khz  ; None                        ; None                      ; 8.886 ns                ;
; N/A                                     ; 104.22 MHz ( period = 9.595 ns )                    ; humanmove:u2|led[12]  ; humanmove:u2|led[3]    ; clk1khz    ; clk1khz  ; None                        ; None                      ; 8.886 ns                ;
; N/A                                     ; 104.22 MHz ( period = 9.595 ns )                    ; humanmove:u2|led[12]  ; humanmove:u2|led[4]    ; clk1khz    ; clk1khz  ; None                        ; None                      ; 8.886 ns                ;
; N/A                                     ; 104.22 MHz ( period = 9.595 ns )                    ; humanmove:u2|led[12]  ; humanmove:u2|led[5]    ; clk1khz    ; clk1khz  ; None                        ; None                      ; 8.886 ns                ;
; N/A                                     ; 104.22 MHz ( period = 9.595 ns )                    ; humanmove:u2|led[12]  ; humanmove:u2|led[6]    ; clk1khz    ; clk1khz  ; None                        ; None                      ; 8.886 ns                ;
; N/A                                     ; 104.47 MHz ( period = 9.572 ns )                    ; humanmove:u2|led[8]   ; humanmove:u2|led[0]    ; clk1khz    ; clk1khz  ; None                        ; None                      ; 8.863 ns                ;
; N/A                                     ; 104.47 MHz ( period = 9.572 ns )                    ; humanmove:u2|led[8]   ; humanmove:u2|led[1]    ; clk1khz    ; clk1khz  ; None                        ; None                      ; 8.863 ns                ;
; N/A                                     ; 104.47 MHz ( period = 9.572 ns )                    ; humanmove:u2|led[8]   ; humanmove:u2|led[2]    ; clk1khz    ; clk1khz  ; None                        ; None                      ; 8.863 ns                ;
; N/A                                     ; 104.47 MHz ( period = 9.572 ns )                    ; humanmove:u2|led[8]   ; humanmove:u2|led[3]    ; clk1khz    ; clk1khz  ; None                        ; None                      ; 8.863 ns                ;
; N/A                                     ; 104.47 MHz ( period = 9.572 ns )                    ; humanmove:u2|led[8]   ; humanmove:u2|led[4]    ; clk1khz    ; clk1khz  ; None                        ; None                      ; 8.863 ns                ;
; N/A                                     ; 104.47 MHz ( period = 9.572 ns )                    ; humanmove:u2|led[8]   ; humanmove:u2|led[5]    ; clk1khz    ; clk1khz  ; None                        ; None                      ; 8.863 ns                ;
; N/A                                     ; 104.47 MHz ( period = 9.572 ns )                    ; humanmove:u2|led[8]   ; humanmove:u2|led[6]    ; clk1khz    ; clk1khz  ; None                        ; None                      ; 8.863 ns                ;
; N/A                                     ; 104.90 MHz ( period = 9.533 ns )                    ; humanmove:u2|led[7]   ; humanmove:u2|led[0]    ; clk1khz    ; clk1khz  ; None                        ; None                      ; 8.824 ns                ;
; N/A                                     ; 104.90 MHz ( period = 9.533 ns )                    ; humanmove:u2|led[7]   ; humanmove:u2|led[1]    ; clk1khz    ; clk1khz  ; None                        ; None                      ; 8.824 ns                ;
; N/A                                     ; 104.90 MHz ( period = 9.533 ns )                    ; humanmove:u2|led[7]   ; humanmove:u2|led[2]    ; clk1khz    ; clk1khz  ; None                        ; None                      ; 8.824 ns                ;
; N/A                                     ; 104.90 MHz ( period = 9.533 ns )                    ; humanmove:u2|led[7]   ; humanmove:u2|led[3]    ; clk1khz    ; clk1khz  ; None                        ; None                      ; 8.824 ns                ;
; N/A                                     ; 104.90 MHz ( period = 9.533 ns )                    ; humanmove:u2|led[7]   ; humanmove:u2|led[4]    ; clk1khz    ; clk1khz  ; None                        ; None                      ; 8.824 ns                ;
; N/A                                     ; 104.90 MHz ( period = 9.533 ns )                    ; humanmove:u2|led[7]   ; humanmove:u2|led[5]    ; clk1khz    ; clk1khz  ; None                        ; None                      ; 8.824 ns                ;
; N/A                                     ; 104.90 MHz ( period = 9.533 ns )                    ; humanmove:u2|led[7]   ; humanmove:u2|led[6]    ; clk1khz    ; clk1khz  ; None                        ; None                      ; 8.824 ns                ;
; N/A                                     ; 104.96 MHz ( period = 9.527 ns )                    ; humanmove:u2|led[12]  ; humanmove:u2|led[7]    ; clk1khz    ; clk1khz  ; None                        ; None                      ; 8.818 ns                ;
; N/A                                     ; 104.96 MHz ( period = 9.527 ns )                    ; humanmove:u2|led[12]  ; humanmove:u2|led[8]    ; clk1khz    ; clk1khz  ; None                        ; None                      ; 8.818 ns                ;
; N/A                                     ; 104.96 MHz ( period = 9.527 ns )                    ; humanmove:u2|led[12]  ; humanmove:u2|led[9]    ; clk1khz    ; clk1khz  ; None                        ; None                      ; 8.818 ns                ;
; N/A                                     ; 104.96 MHz ( period = 9.527 ns )                    ; humanmove:u2|led[12]  ; humanmove:u2|led[10]   ; clk1khz    ; clk1khz  ; None                        ; None                      ; 8.818 ns                ;
; N/A                                     ; 104.96 MHz ( period = 9.527 ns )                    ; humanmove:u2|led[12]  ; humanmove:u2|led[11]   ; clk1khz    ; clk1khz  ; None                        ; None                      ; 8.818 ns                ;
; N/A                                     ; 104.96 MHz ( period = 9.527 ns )                    ; humanmove:u2|led[12]  ; humanmove:u2|led[12]   ; clk1khz    ; clk1khz  ; None                        ; None                      ; 8.818 ns                ;
; N/A                                     ; 104.96 MHz ( period = 9.527 ns )                    ; humanmove:u2|led[12]  ; humanmove:u2|led[13]   ; clk1khz    ; clk1khz  ; None                        ; None                      ; 8.818 ns                ;
; N/A                                     ; 104.96 MHz ( period = 9.527 ns )                    ; humanmove:u2|led[12]  ; humanmove:u2|led[14]   ; clk1khz    ; clk1khz  ; None                        ; None                      ; 8.818 ns                ;
; N/A                                     ; 104.96 MHz ( period = 9.527 ns )                    ; humanmove:u2|led[12]  ; humanmove:u2|led[15]   ; clk1khz    ; clk1khz  ; None                        ; None                      ; 8.818 ns                ;
; N/A                                     ; 105.22 MHz ( period = 9.504 ns )                    ; humanmove:u2|led[8]   ; humanmove:u2|led[7]    ; clk1khz    ; clk1khz  ; None                        ; None                      ; 8.795 ns                ;
; N/A                                     ; 105.22 MHz ( period = 9.504 ns )                    ; humanmove:u2|led[8]   ; humanmove:u2|led[8]    ; clk1khz    ; clk1khz  ; None                        ; None                      ; 8.795 ns                ;
; N/A                                     ; 105.22 MHz ( period = 9.504 ns )                    ; humanmove:u2|led[8]   ; humanmove:u2|led[9]    ; clk1khz    ; clk1khz  ; None                        ; None                      ; 8.795 ns                ;
; N/A                                     ; 105.22 MHz ( period = 9.504 ns )                    ; humanmove:u2|led[8]   ; humanmove:u2|led[10]   ; clk1khz    ; clk1khz  ; None                        ; None                      ; 8.795 ns                ;
; N/A                                     ; 105.22 MHz ( period = 9.504 ns )                    ; humanmove:u2|led[8]   ; humanmove:u2|led[11]   ; clk1khz    ; clk1khz  ; None                        ; None                      ; 8.795 ns                ;
; N/A                                     ; 105.22 MHz ( period = 9.504 ns )                    ; humanmove:u2|led[8]   ; humanmove:u2|led[12]   ; clk1khz    ; clk1khz  ; None                        ; None                      ; 8.795 ns                ;
; N/A                                     ; 105.22 MHz ( period = 9.504 ns )                    ; humanmove:u2|led[8]   ; humanmove:u2|led[13]   ; clk1khz    ; clk1khz  ; None                        ; None                      ; 8.795 ns                ;
; N/A                                     ; 105.22 MHz ( period = 9.504 ns )                    ; humanmove:u2|led[8]   ; humanmove:u2|led[14]   ; clk1khz    ; clk1khz  ; None                        ; None                      ; 8.795 ns                ;
; N/A                                     ; 105.22 MHz ( period = 9.504 ns )                    ; humanmove:u2|led[8]   ; humanmove:u2|led[15]   ; clk1khz    ; clk1khz  ; None                        ; None                      ; 8.795 ns                ;
; N/A                                     ; 105.65 MHz ( period = 9.465 ns )                    ; humanmove:u2|led[7]   ; humanmove:u2|led[7]    ; clk1khz    ; clk1khz  ; None                        ; None                      ; 8.756 ns                ;
; N/A                                     ; 105.65 MHz ( period = 9.465 ns )                    ; humanmove:u2|led[7]   ; humanmove:u2|led[8]    ; clk1khz    ; clk1khz  ; None                        ; None                      ; 8.756 ns                ;
; N/A                                     ; 105.65 MHz ( period = 9.465 ns )                    ; humanmove:u2|led[7]   ; humanmove:u2|led[9]    ; clk1khz    ; clk1khz  ; None                        ; None                      ; 8.756 ns                ;
; N/A                                     ; 105.65 MHz ( period = 9.465 ns )                    ; humanmove:u2|led[7]   ; humanmove:u2|led[10]   ; clk1khz    ; clk1khz  ; None                        ; None                      ; 8.756 ns                ;
; N/A                                     ; 105.65 MHz ( period = 9.465 ns )                    ; humanmove:u2|led[7]   ; humanmove:u2|led[11]   ; clk1khz    ; clk1khz  ; None                        ; None                      ; 8.756 ns                ;
; N/A                                     ; 105.65 MHz ( period = 9.465 ns )                    ; humanmove:u2|led[7]   ; humanmove:u2|led[12]   ; clk1khz    ; clk1khz  ; None                        ; None                      ; 8.756 ns                ;
; N/A                                     ; 105.65 MHz ( period = 9.465 ns )                    ; humanmove:u2|led[7]   ; humanmove:u2|led[13]   ; clk1khz    ; clk1khz  ; None                        ; None                      ; 8.756 ns                ;
; N/A                                     ; 105.65 MHz ( period = 9.465 ns )                    ; humanmove:u2|led[7]   ; humanmove:u2|led[14]   ; clk1khz    ; clk1khz  ; None                        ; None                      ; 8.756 ns                ;
; N/A                                     ; 105.65 MHz ( period = 9.465 ns )                    ; humanmove:u2|led[7]   ; humanmove:u2|led[15]   ; clk1khz    ; clk1khz  ; None                        ; None                      ; 8.756 ns                ;
; N/A                                     ; 105.81 MHz ( period = 9.451 ns )                    ; humanmove:u2|led[1]   ; humanmove:u2|led[0]    ; clk1khz    ; clk1khz  ; None                        ; None                      ; 8.742 ns                ;
; N/A                                     ; 105.81 MHz ( period = 9.451 ns )                    ; humanmove:u2|led[1]   ; humanmove:u2|led[1]    ; clk1khz    ; clk1khz  ; None                        ; None                      ; 8.742 ns                ;
; N/A                                     ; 105.81 MHz ( period = 9.451 ns )                    ; humanmove:u2|led[1]   ; humanmove:u2|led[2]    ; clk1khz    ; clk1khz  ; None                        ; None                      ; 8.742 ns                ;
; N/A                                     ; 105.81 MHz ( period = 9.451 ns )                    ; humanmove:u2|led[1]   ; humanmove:u2|led[3]    ; clk1khz    ; clk1khz  ; None                        ; None                      ; 8.742 ns                ;
; N/A                                     ; 105.81 MHz ( period = 9.451 ns )                    ; humanmove:u2|led[1]   ; humanmove:u2|led[4]    ; clk1khz    ; clk1khz  ; None                        ; None                      ; 8.742 ns                ;
; N/A                                     ; 105.81 MHz ( period = 9.451 ns )                    ; humanmove:u2|led[1]   ; humanmove:u2|led[5]    ; clk1khz    ; clk1khz  ; None                        ; None                      ; 8.742 ns                ;
; N/A                                     ; 105.81 MHz ( period = 9.451 ns )                    ; humanmove:u2|led[1]   ; humanmove:u2|led[6]    ; clk1khz    ; clk1khz  ; None                        ; None                      ; 8.742 ns                ;
; N/A                                     ; 106.27 MHz ( period = 9.410 ns )                    ; humanmove:u2|led[6]   ; humanmove:u2|led[0]    ; clk1khz    ; clk1khz  ; None                        ; None                      ; 8.701 ns                ;
; N/A                                     ; 106.27 MHz ( period = 9.410 ns )                    ; humanmove:u2|led[6]   ; humanmove:u2|led[1]    ; clk1khz    ; clk1khz  ; None                        ; None                      ; 8.701 ns                ;
; N/A                                     ; 106.27 MHz ( period = 9.410 ns )                    ; humanmove:u2|led[6]   ; humanmove:u2|led[2]    ; clk1khz    ; clk1khz  ; None                        ; None                      ; 8.701 ns                ;
; N/A                                     ; 106.27 MHz ( period = 9.410 ns )                    ; humanmove:u2|led[6]   ; humanmove:u2|led[3]    ; clk1khz    ; clk1khz  ; None                        ; None                      ; 8.701 ns                ;
; N/A                                     ; 106.27 MHz ( period = 9.410 ns )                    ; humanmove:u2|led[6]   ; humanmove:u2|led[4]    ; clk1khz    ; clk1khz  ; None                        ; None                      ; 8.701 ns                ;
; N/A                                     ; 106.27 MHz ( period = 9.410 ns )                    ; humanmove:u2|led[6]   ; humanmove:u2|led[5]    ; clk1khz    ; clk1khz  ; None                        ; None                      ; 8.701 ns                ;
; N/A                                     ; 106.27 MHz ( period = 9.410 ns )                    ; humanmove:u2|led[6]   ; humanmove:u2|led[6]    ; clk1khz    ; clk1khz  ; None                        ; None                      ; 8.701 ns                ;
; N/A                                     ; 106.58 MHz ( period = 9.383 ns )                    ; humanmove:u2|led[1]   ; humanmove:u2|led[7]    ; clk1khz    ; clk1khz  ; None                        ; None                      ; 8.674 ns                ;
; N/A                                     ; 106.58 MHz ( period = 9.383 ns )                    ; humanmove:u2|led[1]   ; humanmove:u2|led[8]    ; clk1khz    ; clk1khz  ; None                        ; None                      ; 8.674 ns                ;
; N/A                                     ; 106.58 MHz ( period = 9.383 ns )                    ; humanmove:u2|led[1]   ; humanmove:u2|led[9]    ; clk1khz    ; clk1khz  ; None                        ; None                      ; 8.674 ns                ;
; N/A                                     ; 106.58 MHz ( period = 9.383 ns )                    ; humanmove:u2|led[1]   ; humanmove:u2|led[10]   ; clk1khz    ; clk1khz  ; None                        ; None                      ; 8.674 ns                ;
; N/A                                     ; 106.58 MHz ( period = 9.383 ns )                    ; humanmove:u2|led[1]   ; humanmove:u2|led[11]   ; clk1khz    ; clk1khz  ; None                        ; None                      ; 8.674 ns                ;
; N/A                                     ; 106.58 MHz ( period = 9.383 ns )                    ; humanmove:u2|led[1]   ; humanmove:u2|led[12]   ; clk1khz    ; clk1khz  ; None                        ; None                      ; 8.674 ns                ;
; N/A                                     ; 106.58 MHz ( period = 9.383 ns )                    ; humanmove:u2|led[1]   ; humanmove:u2|led[13]   ; clk1khz    ; clk1khz  ; None                        ; None                      ; 8.674 ns                ;
; N/A                                     ; 106.58 MHz ( period = 9.383 ns )                    ; humanmove:u2|led[1]   ; humanmove:u2|led[14]   ; clk1khz    ; clk1khz  ; None                        ; None                      ; 8.674 ns                ;
; N/A                                     ; 106.58 MHz ( period = 9.383 ns )                    ; humanmove:u2|led[1]   ; humanmove:u2|led[15]   ; clk1khz    ; clk1khz  ; None                        ; None                      ; 8.674 ns                ;
; N/A                                     ; 107.04 MHz ( period = 9.342 ns )                    ; humanmove:u2|led[6]   ; humanmove:u2|led[7]    ; clk1khz    ; clk1khz  ; None                        ; None                      ; 8.633 ns                ;
; N/A                                     ; 107.04 MHz ( period = 9.342 ns )                    ; humanmove:u2|led[6]   ; humanmove:u2|led[8]    ; clk1khz    ; clk1khz  ; None                        ; None                      ; 8.633 ns                ;
; N/A                                     ; 107.04 MHz ( period = 9.342 ns )                    ; humanmove:u2|led[6]   ; humanmove:u2|led[9]    ; clk1khz    ; clk1khz  ; None                        ; None                      ; 8.633 ns                ;
; N/A                                     ; 107.04 MHz ( period = 9.342 ns )                    ; humanmove:u2|led[6]   ; humanmove:u2|led[10]   ; clk1khz    ; clk1khz  ; None                        ; None                      ; 8.633 ns                ;
; N/A                                     ; 107.04 MHz ( period = 9.342 ns )                    ; humanmove:u2|led[6]   ; humanmove:u2|led[11]   ; clk1khz    ; clk1khz  ; None                        ; None                      ; 8.633 ns                ;
; N/A                                     ; 107.04 MHz ( period = 9.342 ns )                    ; humanmove:u2|led[6]   ; humanmove:u2|led[12]   ; clk1khz    ; clk1khz  ; None                        ; None                      ; 8.633 ns                ;
; N/A                                     ; 107.04 MHz ( period = 9.342 ns )                    ; humanmove:u2|led[6]   ; humanmove:u2|led[13]   ; clk1khz    ; clk1khz  ; None                        ; None                      ; 8.633 ns                ;
; N/A                                     ; 107.04 MHz ( period = 9.342 ns )                    ; humanmove:u2|led[6]   ; humanmove:u2|led[14]   ; clk1khz    ; clk1khz  ; None                        ; None                      ; 8.633 ns                ;
; N/A                                     ; 107.04 MHz ( period = 9.342 ns )                    ; humanmove:u2|led[6]   ; humanmove:u2|led[15]   ; clk1khz    ; clk1khz  ; None                        ; None                      ; 8.633 ns                ;
; N/A                                     ; 107.93 MHz ( period = 9.265 ns )                    ; humanmove:u2|led[14]  ; humanmove:u2|led[0]    ; clk1khz    ; clk1khz  ; None                        ; None                      ; 8.556 ns                ;
; N/A                                     ; 107.93 MHz ( period = 9.265 ns )                    ; humanmove:u2|led[14]  ; humanmove:u2|led[1]    ; clk1khz    ; clk1khz  ; None                        ; None                      ; 8.556 ns                ;
; N/A                                     ; 107.93 MHz ( period = 9.265 ns )                    ; humanmove:u2|led[14]  ; humanmove:u2|led[2]    ; clk1khz    ; clk1khz  ; None                        ; None                      ; 8.556 ns                ;
; N/A                                     ; 107.93 MHz ( period = 9.265 ns )                    ; humanmove:u2|led[14]  ; humanmove:u2|led[3]    ; clk1khz    ; clk1khz  ; None                        ; None                      ; 8.556 ns                ;
; N/A                                     ; 107.93 MHz ( period = 9.265 ns )                    ; humanmove:u2|led[14]  ; humanmove:u2|led[4]    ; clk1khz    ; clk1khz  ; None                        ; None                      ; 8.556 ns                ;
; N/A                                     ; 107.93 MHz ( period = 9.265 ns )                    ; humanmove:u2|led[14]  ; humanmove:u2|led[5]    ; clk1khz    ; clk1khz  ; None                        ; None                      ; 8.556 ns                ;
; N/A                                     ; 107.93 MHz ( period = 9.265 ns )                    ; humanmove:u2|led[14]  ; humanmove:u2|led[6]    ; clk1khz    ; clk1khz  ; None                        ; None                      ; 8.556 ns                ;
; N/A                                     ; 108.03 MHz ( period = 9.257 ns )                    ; humanmove:u2|led[10]  ; humanmove:u2|led[0]    ; clk1khz    ; clk1khz  ; None                        ; None                      ; 8.548 ns                ;
; N/A                                     ; 108.03 MHz ( period = 9.257 ns )                    ; humanmove:u2|led[10]  ; humanmove:u2|led[1]    ; clk1khz    ; clk1khz  ; None                        ; None                      ; 8.548 ns                ;
; N/A                                     ; 108.03 MHz ( period = 9.257 ns )                    ; humanmove:u2|led[10]  ; humanmove:u2|led[2]    ; clk1khz    ; clk1khz  ; None                        ; None                      ; 8.548 ns                ;
; N/A                                     ; 108.03 MHz ( period = 9.257 ns )                    ; humanmove:u2|led[10]  ; humanmove:u2|led[3]    ; clk1khz    ; clk1khz  ; None                        ; None                      ; 8.548 ns                ;
; N/A                                     ; 108.03 MHz ( period = 9.257 ns )                    ; humanmove:u2|led[10]  ; humanmove:u2|led[4]    ; clk1khz    ; clk1khz  ; None                        ; None                      ; 8.548 ns                ;
; N/A                                     ; 108.03 MHz ( period = 9.257 ns )                    ; humanmove:u2|led[10]  ; humanmove:u2|led[5]    ; clk1khz    ; clk1khz  ; None                        ; None                      ; 8.548 ns                ;
; N/A                                     ; 108.03 MHz ( period = 9.257 ns )                    ; humanmove:u2|led[10]  ; humanmove:u2|led[6]    ; clk1khz    ; clk1khz  ; None                        ; None                      ; 8.548 ns                ;
; N/A                                     ; 108.18 MHz ( period = 9.244 ns )                    ; humanmove:u2|led[9]   ; humanmove:u2|led[0]    ; clk1khz    ; clk1khz  ; None                        ; None                      ; 8.535 ns                ;
; N/A                                     ; 108.18 MHz ( period = 9.244 ns )                    ; humanmove:u2|led[9]   ; humanmove:u2|led[1]    ; clk1khz    ; clk1khz  ; None                        ; None                      ; 8.535 ns                ;
; N/A                                     ; 108.18 MHz ( period = 9.244 ns )                    ; humanmove:u2|led[9]   ; humanmove:u2|led[2]    ; clk1khz    ; clk1khz  ; None                        ; None                      ; 8.535 ns                ;
; N/A                                     ; 108.18 MHz ( period = 9.244 ns )                    ; humanmove:u2|led[9]   ; humanmove:u2|led[3]    ; clk1khz    ; clk1khz  ; None                        ; None                      ; 8.535 ns                ;
; N/A                                     ; 108.18 MHz ( period = 9.244 ns )                    ; humanmove:u2|led[9]   ; humanmove:u2|led[4]    ; clk1khz    ; clk1khz  ; None                        ; None                      ; 8.535 ns                ;
; N/A                                     ; 108.18 MHz ( period = 9.244 ns )                    ; humanmove:u2|led[9]   ; humanmove:u2|led[5]    ; clk1khz    ; clk1khz  ; None                        ; None                      ; 8.535 ns                ;
; N/A                                     ; 108.18 MHz ( period = 9.244 ns )                    ; humanmove:u2|led[9]   ; humanmove:u2|led[6]    ; clk1khz    ; clk1khz  ; None                        ; None                      ; 8.535 ns                ;
; N/A                                     ; 108.51 MHz ( period = 9.216 ns )                    ; humanmove:u2|led[2]   ; humanmove:u2|led[0]    ; clk1khz    ; clk1khz  ; None                        ; None                      ; 8.507 ns                ;
; N/A                                     ; 108.51 MHz ( period = 9.216 ns )                    ; humanmove:u2|led[2]   ; humanmove:u2|led[1]    ; clk1khz    ; clk1khz  ; None                        ; None                      ; 8.507 ns                ;
; N/A                                     ; 108.51 MHz ( period = 9.216 ns )                    ; humanmove:u2|led[2]   ; humanmove:u2|led[2]    ; clk1khz    ; clk1khz  ; None                        ; None                      ; 8.507 ns                ;
; N/A                                     ; 108.51 MHz ( period = 9.216 ns )                    ; humanmove:u2|led[2]   ; humanmove:u2|led[3]    ; clk1khz    ; clk1khz  ; None                        ; None                      ; 8.507 ns                ;
; N/A                                     ; 108.51 MHz ( period = 9.216 ns )                    ; humanmove:u2|led[2]   ; humanmove:u2|led[4]    ; clk1khz    ; clk1khz  ; None                        ; None                      ; 8.507 ns                ;
; N/A                                     ; 108.51 MHz ( period = 9.216 ns )                    ; humanmove:u2|led[2]   ; humanmove:u2|led[5]    ; clk1khz    ; clk1khz  ; None                        ; None                      ; 8.507 ns                ;
; N/A                                     ; 108.51 MHz ( period = 9.216 ns )                    ; humanmove:u2|led[2]   ; humanmove:u2|led[6]    ; clk1khz    ; clk1khz  ; None                        ; None                      ; 8.507 ns                ;
; N/A                                     ; 108.73 MHz ( period = 9.197 ns )                    ; humanmove:u2|led[14]  ; humanmove:u2|led[7]    ; clk1khz    ; clk1khz  ; None                        ; None                      ; 8.488 ns                ;
; N/A                                     ; 108.73 MHz ( period = 9.197 ns )                    ; humanmove:u2|led[14]  ; humanmove:u2|led[8]    ; clk1khz    ; clk1khz  ; None                        ; None                      ; 8.488 ns                ;
; N/A                                     ; 108.73 MHz ( period = 9.197 ns )                    ; humanmove:u2|led[14]  ; humanmove:u2|led[9]    ; clk1khz    ; clk1khz  ; None                        ; None                      ; 8.488 ns                ;
; N/A                                     ; 108.73 MHz ( period = 9.197 ns )                    ; humanmove:u2|led[14]  ; humanmove:u2|led[10]   ; clk1khz    ; clk1khz  ; None                        ; None                      ; 8.488 ns                ;
; N/A                                     ; 108.73 MHz ( period = 9.197 ns )                    ; humanmove:u2|led[14]  ; humanmove:u2|led[11]   ; clk1khz    ; clk1khz  ; None                        ; None                      ; 8.488 ns                ;
; N/A                                     ; 108.73 MHz ( period = 9.197 ns )                    ; humanmove:u2|led[14]  ; humanmove:u2|led[12]   ; clk1khz    ; clk1khz  ; None                        ; None                      ; 8.488 ns                ;
; N/A                                     ; 108.73 MHz ( period = 9.197 ns )                    ; humanmove:u2|led[14]  ; humanmove:u2|led[13]   ; clk1khz    ; clk1khz  ; None                        ; None                      ; 8.488 ns                ;
; N/A                                     ; 108.73 MHz ( period = 9.197 ns )                    ; humanmove:u2|led[14]  ; humanmove:u2|led[14]   ; clk1khz    ; clk1khz  ; None                        ; None                      ; 8.488 ns                ;
; N/A                                     ; 108.73 MHz ( period = 9.197 ns )                    ; humanmove:u2|led[14]  ; humanmove:u2|led[15]   ; clk1khz    ; clk1khz  ; None                        ; None                      ; 8.488 ns                ;
; N/A                                     ; 108.83 MHz ( period = 9.189 ns )                    ; humanmove:u2|led[10]  ; humanmove:u2|led[7]    ; clk1khz    ; clk1khz  ; None                        ; None                      ; 8.480 ns                ;
; N/A                                     ; 108.83 MHz ( period = 9.189 ns )                    ; humanmove:u2|led[10]  ; humanmove:u2|led[8]    ; clk1khz    ; clk1khz  ; None                        ; None                      ; 8.480 ns                ;
; N/A                                     ; 108.83 MHz ( period = 9.189 ns )                    ; humanmove:u2|led[10]  ; humanmove:u2|led[9]    ; clk1khz    ; clk1khz  ; None                        ; None                      ; 8.480 ns                ;
; N/A                                     ; 108.83 MHz ( period = 9.189 ns )                    ; humanmove:u2|led[10]  ; humanmove:u2|led[10]   ; clk1khz    ; clk1khz  ; None                        ; None                      ; 8.480 ns                ;
; N/A                                     ; 108.83 MHz ( period = 9.189 ns )                    ; humanmove:u2|led[10]  ; humanmove:u2|led[11]   ; clk1khz    ; clk1khz  ; None                        ; None                      ; 8.480 ns                ;
; N/A                                     ; 108.83 MHz ( period = 9.189 ns )                    ; humanmove:u2|led[10]  ; humanmove:u2|led[12]   ; clk1khz    ; clk1khz  ; None                        ; None                      ; 8.480 ns                ;
; N/A                                     ; 108.83 MHz ( period = 9.189 ns )                    ; humanmove:u2|led[10]  ; humanmove:u2|led[13]   ; clk1khz    ; clk1khz  ; None                        ; None                      ; 8.480 ns                ;
; N/A                                     ; 108.83 MHz ( period = 9.189 ns )                    ; humanmove:u2|led[10]  ; humanmove:u2|led[14]   ; clk1khz    ; clk1khz  ; None                        ; None                      ; 8.480 ns                ;
; N/A                                     ; 108.83 MHz ( period = 9.189 ns )                    ; humanmove:u2|led[10]  ; humanmove:u2|led[15]   ; clk1khz    ; clk1khz  ; None                        ; None                      ; 8.480 ns                ;
; N/A                                     ; 108.98 MHz ( period = 9.176 ns )                    ; humanmove:u2|led[9]   ; humanmove:u2|led[7]    ; clk1khz    ; clk1khz  ; None                        ; None                      ; 8.467 ns                ;
; N/A                                     ; 108.98 MHz ( period = 9.176 ns )                    ; humanmove:u2|led[9]   ; humanmove:u2|led[8]    ; clk1khz    ; clk1khz  ; None                        ; None                      ; 8.467 ns                ;
; N/A                                     ; 108.98 MHz ( period = 9.176 ns )                    ; humanmove:u2|led[9]   ; humanmove:u2|led[9]    ; clk1khz    ; clk1khz  ; None                        ; None                      ; 8.467 ns                ;
; N/A                                     ; 108.98 MHz ( period = 9.176 ns )                    ; humanmove:u2|led[9]   ; humanmove:u2|led[10]   ; clk1khz    ; clk1khz  ; None                        ; None                      ; 8.467 ns                ;
; N/A                                     ; 108.98 MHz ( period = 9.176 ns )                    ; humanmove:u2|led[9]   ; humanmove:u2|led[11]   ; clk1khz    ; clk1khz  ; None                        ; None                      ; 8.467 ns                ;
; N/A                                     ; 108.98 MHz ( period = 9.176 ns )                    ; humanmove:u2|led[9]   ; humanmove:u2|led[12]   ; clk1khz    ; clk1khz  ; None                        ; None                      ; 8.467 ns                ;
; N/A                                     ; 108.98 MHz ( period = 9.176 ns )                    ; humanmove:u2|led[9]   ; humanmove:u2|led[13]   ; clk1khz    ; clk1khz  ; None                        ; None                      ; 8.467 ns                ;
; N/A                                     ; 108.98 MHz ( period = 9.176 ns )                    ; humanmove:u2|led[9]   ; humanmove:u2|led[14]   ; clk1khz    ; clk1khz  ; None                        ; None                      ; 8.467 ns                ;
; N/A                                     ; 108.98 MHz ( period = 9.176 ns )                    ; humanmove:u2|led[9]   ; humanmove:u2|led[15]   ; clk1khz    ; clk1khz  ; None                        ; None                      ; 8.467 ns                ;
; N/A                                     ; 109.31 MHz ( period = 9.148 ns )                    ; humanmove:u2|led[2]   ; humanmove:u2|led[7]    ; clk1khz    ; clk1khz  ; None                        ; None                      ; 8.439 ns                ;
; N/A                                     ; 109.31 MHz ( period = 9.148 ns )                    ; humanmove:u2|led[2]   ; humanmove:u2|led[8]    ; clk1khz    ; clk1khz  ; None                        ; None                      ; 8.439 ns                ;
; N/A                                     ; 109.31 MHz ( period = 9.148 ns )                    ; humanmove:u2|led[2]   ; humanmove:u2|led[9]    ; clk1khz    ; clk1khz  ; None                        ; None                      ; 8.439 ns                ;
; N/A                                     ; 109.31 MHz ( period = 9.148 ns )                    ; humanmove:u2|led[2]   ; humanmove:u2|led[10]   ; clk1khz    ; clk1khz  ; None                        ; None                      ; 8.439 ns                ;
; N/A                                     ; 109.31 MHz ( period = 9.148 ns )                    ; humanmove:u2|led[2]   ; humanmove:u2|led[11]   ; clk1khz    ; clk1khz  ; None                        ; None                      ; 8.439 ns                ;
; N/A                                     ; 109.31 MHz ( period = 9.148 ns )                    ; humanmove:u2|led[2]   ; humanmove:u2|led[12]   ; clk1khz    ; clk1khz  ; None                        ; None                      ; 8.439 ns                ;
; N/A                                     ; 109.31 MHz ( period = 9.148 ns )                    ; humanmove:u2|led[2]   ; humanmove:u2|led[13]   ; clk1khz    ; clk1khz  ; None                        ; None                      ; 8.439 ns                ;
; N/A                                     ; 109.31 MHz ( period = 9.148 ns )                    ; humanmove:u2|led[2]   ; humanmove:u2|led[14]   ; clk1khz    ; clk1khz  ; None                        ; None                      ; 8.439 ns                ;
; N/A                                     ; 109.31 MHz ( period = 9.148 ns )                    ; humanmove:u2|led[2]   ; humanmove:u2|led[15]   ; clk1khz    ; clk1khz  ; None                        ; None                      ; 8.439 ns                ;
; N/A                                     ; 109.70 MHz ( period = 9.116 ns )                    ; humanmove:u2|led[5]   ; humanmove:u2|led[0]    ; clk1khz    ; clk1khz  ; None                        ; None                      ; 8.407 ns                ;
; N/A                                     ; 109.70 MHz ( period = 9.116 ns )                    ; humanmove:u2|led[5]   ; humanmove:u2|led[1]    ; clk1khz    ; clk1khz  ; None                        ; None                      ; 8.407 ns                ;
; N/A                                     ; 109.70 MHz ( period = 9.116 ns )                    ; humanmove:u2|led[5]   ; humanmove:u2|led[2]    ; clk1khz    ; clk1khz  ; None                        ; None                      ; 8.407 ns                ;
; N/A                                     ; 109.70 MHz ( period = 9.116 ns )                    ; humanmove:u2|led[5]   ; humanmove:u2|led[3]    ; clk1khz    ; clk1khz  ; None                        ; None                      ; 8.407 ns                ;
; N/A                                     ; 109.70 MHz ( period = 9.116 ns )                    ; humanmove:u2|led[5]   ; humanmove:u2|led[4]    ; clk1khz    ; clk1khz  ; None                        ; None                      ; 8.407 ns                ;
; N/A                                     ; 109.70 MHz ( period = 9.116 ns )                    ; humanmove:u2|led[5]   ; humanmove:u2|led[5]    ; clk1khz    ; clk1khz  ; None                        ; None                      ; 8.407 ns                ;
; Timing analysis restricted to 200 rows. ; To change the limit use Settings (Assignments menu) ;                       ;                        ;            ;          ;                             ;                           ;                         ;
+-----------------------------------------+-----------------------------------------------------+-----------------------+------------------------+------------+----------+-----------------------------+---------------------------+-------------------------+


+--------------------------------------------------------------------------------------------------------------------------------------------------------------------------------------------------------+
; Clock Hold: 'clk1khz'                                                                                                                                                                                  ;
+------------------------------------------+------------------------+-----------------------+------------+----------+----------------------------+----------------------------+--------------------------+
; Minimum Slack                            ; From                   ; To                    ; From Clock ; To Clock ; Required Hold Relationship ; Required Shortest P2P Time ; Actual Shortest P2P Time ;
+------------------------------------------+------------------------+-----------------------+------------+----------+----------------------------+----------------------------+--------------------------+
; Not operational: Clock Skew > Data Delay ; humanmove:u2|humansetr ; humanmove:u2|led[15]  ; clk1khz    ; clk1khz  ; None                       ; None                       ; 2.948 ns                 ;
; Not operational: Clock Skew > Data Delay ; humanmove:u2|humansetr ; humanmove:u2|humanisr ; clk1khz    ; clk1khz  ; None                       ; None                       ; 2.976 ns                 ;
; Not operational: Clock Skew > Data Delay ; humanmove:u2|humansetr ; humanmove:u2|led[7]   ; clk1khz    ; clk1khz  ; None                       ; None                       ; 3.294 ns                 ;
; Not operational: Clock Skew > Data Delay ; humanmove:u2|humansetr ; humanmove:u2|led[9]   ; clk1khz    ; clk1khz  ; None                       ; None                       ; 3.295 ns                 ;
; Not operational: Clock Skew > Data Delay ; humanmove:u2|humansetr ; humanmove:u2|led[8]   ; clk1khz    ; clk1khz  ; None                       ; None                       ; 3.303 ns                 ;
; Not operational: Clock Skew > Data Delay ; humanmove:u2|humansetr ; humanmove:u2|led[13]  ; clk1khz    ; clk1khz  ; None                       ; None                       ; 3.513 ns                 ;
; Not operational: Clock Skew > Data Delay ; humanmove:u2|humansetr ; humanmove:u2|led[12]  ; clk1khz    ; clk1khz  ; None                       ; None                       ; 3.516 ns                 ;
; Not operational: Clock Skew > Data Delay ; humanmove:u2|humansetr ; humanmove:u2|led[11]  ; clk1khz    ; clk1khz  ; None                       ; None                       ; 3.525 ns                 ;
; Not operational: Clock Skew > Data Delay ; humanmove:u2|humansetr ; humanmove:u2|led[10]  ; clk1khz    ; clk1khz  ; None                       ; None                       ; 3.528 ns                 ;
; Not operational: Clock Skew > Data Delay ; humanmove:u2|humansetr ; humanmove:u2|led[14]  ; clk1khz    ; clk1khz  ; None                       ; None                       ; 3.528 ns                 ;
; Not operational: Clock Skew > Data Delay ; humanmove:u2|humansetr ; humanmove:u2|led[3]   ; clk1khz    ; clk1khz  ; None                       ; None                       ; 3.547 ns                 ;
; Not operational: Clock Skew > Data Delay ; humanmove:u2|humansetr ; humanmove:u2|led[0]   ; clk1khz    ; clk1khz  ; None                       ; None                       ; 3.558 ns                 ;
; Not operational: Clock Skew > Data Delay ; humanmove:u2|humansetr ; humanmove:u2|led[2]   ; clk1khz    ; clk1khz  ; None                       ; None                       ; 3.567 ns                 ;
; Not operational: Clock Skew > Data Delay ; humanmove:u2|humansetr ; humanmove:u2|led[5]   ; clk1khz    ; clk1khz  ; None                       ; None                       ; 3.570 ns                 ;
; Not operational: Clock Skew > Data Delay ; humanmove:u2|humansetr ; humanmove:u2|led[4]   ; clk1khz    ; clk1khz  ; None                       ; None                       ; 3.571 ns                 ;
; Not operational: Clock Skew > Data Delay ; humanmove:u2|humansetr ; humanmove:u2|led[1]   ; clk1khz    ; clk1khz  ; None                       ; None                       ; 3.572 ns                 ;
; Not operational: Clock Skew > Data Delay ; humanmove:u2|humansetr ; humanmove:u2|led[6]   ; clk1khz    ; clk1khz  ; None                       ; None                       ; 4.554 ns                 ;
; Not operational: Clock Skew > Data Delay ; humanmove:u2|humanmove ; humanmove:u2|humanisr ; clk1khz    ; clk1khz  ; None                       ; None                       ; 4.874 ns                 ;
; Not operational: Clock Skew > Data Delay ; humanmove:u2|humansetr ; humanmove:u2|movedone ; clk1khz    ; clk1khz  ; None                       ; None                       ; 5.035 ns                 ;
+------------------------------------------+------------------------+-----------------------+------------+----------+----------------------------+----------------------------+--------------------------+


+-------------------------------------------------------------------------------+
; tsu                                                                           ;
+-------+--------------+------------+-------+------------------------+----------+
; Slack ; Required tsu ; Actual tsu ; From  ; To                     ; To Clock ;
+-------+--------------+------------+-------+------------------------+----------+
; N/A   ; None         ; 2.337 ns   ; human ; humanmove:u2|humansetr ; clk1khz  ;
; N/A   ; None         ; 1.862 ns   ; human ; humanmove:u2|humanmove ; clk1khz  ;
+-------+--------------+------------+-------+------------------------+----------+


+---------------------------------------------------------------------------------+
; tco                                                                             ;
+-------+--------------+------------+----------------------+---------+------------+
; Slack ; Required tco ; Actual tco ; From                 ; To      ; From Clock ;
+-------+--------------+------------+----------------------+---------+------------+
; N/A   ; None         ; 16.557 ns  ; humanmove:u2|led[14] ; led[14] ; clk1khz    ;
; N/A   ; None         ; 16.488 ns  ; humanmove:u2|led[2]  ; led[2]  ; clk1khz    ;
; N/A   ; None         ; 16.359 ns  ; humanmove:u2|led[12] ; led[12] ; clk1khz    ;
; N/A   ; None         ; 16.340 ns  ; humanmove:u2|led[13] ; led[13] ; clk1khz    ;
; N/A   ; None         ; 16.340 ns  ; humanmove:u2|led[11] ; led[11] ; clk1khz    ;
; N/A   ; None         ; 16.332 ns  ; humanmove:u2|led[4]  ; led[4]  ; clk1khz    ;
; N/A   ; None         ; 16.285 ns  ; humanmove:u2|led[8]  ; led[8]  ; clk1khz    ;
; N/A   ; None         ; 15.784 ns  ; humanmove:u2|led[15] ; led[15] ; clk1khz    ;
; N/A   ; None         ; 15.782 ns  ; humanmove:u2|led[0]  ; led[0]  ; clk1khz    ;
; N/A   ; None         ; 15.370 ns  ; humanmove:u2|led[3]  ; led[3]  ; clk1khz    ;
; N/A   ; None         ; 15.207 ns  ; humanmove:u2|led[5]  ; led[5]  ; clk1khz    ;
; N/A   ; None         ; 15.146 ns  ; humanmove:u2|led[10] ; led[10] ; clk1khz    ;
; N/A   ; None         ; 15.124 ns  ; humanmove:u2|led[7]  ; led[7]  ; clk1khz    ;
; N/A   ; None         ; 15.023 ns  ; humanmove:u2|led[9]  ; led[9]  ; clk1khz    ;
; N/A   ; None         ; 14.753 ns  ; humanmove:u2|led[1]  ; led[1]  ; clk1khz    ;
; N/A   ; None         ; 14.626 ns  ; humanmove:u2|led[6]  ; led[6]  ; clk1khz    ;
+-------+--------------+------------+----------------------+---------+------------+


+-------------------------------------------------------------------------------------+
; th                                                                                  ;
+---------------+-------------+-----------+-------+------------------------+----------+
; Minimum Slack ; Required th ; Actual th ; From  ; To                     ; To Clock ;
+---------------+-------------+-----------+-------+------------------------+----------+
; N/A           ; None        ; -1.308 ns ; human ; humanmove:u2|humanmove ; clk1khz  ;
; N/A           ; None        ; -1.783 ns ; human ; humanmove:u2|humansetr ; clk1khz  ;
+---------------+-------------+-----------+-------+------------------------+----------+


+--------------------------+
; Timing Analyzer Messages ;
+--------------------------+
Info: *******************************************************************
Info: Running Quartus II 64-Bit Classic Timing Analyzer
    Info: Version 9.1 Build 222 10/21/2009 SJ Full Version
    Info: Processing started: Thu Nov 24 14:16:48 2022
Info: Command: quartus_tan --read_settings_files=off --write_settings_files=off game -c game
Info: Parallel compilation is enabled and will use 8 of the 8 processors detected
Info: Started post-fitting delay annotation
Info: Delay annotation completed successfully
Warning: Found pins functioning as undefined clocks and/or memory enables
    Info: Assuming node "clk1khz" is an undefined clock
Warning: Found 1 node(s) in clock paths which may be acting as ripple and/or gated clocks -- node(s) analyzed as buffer(s) resulting in clock skew
    Info: Detected ripple clock "humanmove:u2|divide:u1|clkp" as buffer
Info: Clock "clk1khz" has Internal fmax of 57.69 MHz between source register "humanmove:u2|movedone" and destination register "humanmove:u2|humansetr" (period= 17.334 ns)
    Info: + Longest register to register delay is 2.017 ns
        Info: 1: + IC(0.000 ns) + CELL(0.000 ns) = 0.000 ns; Loc. = LC_X12_Y5_N8; Fanout = 3; REG Node = 'humanmove:u2|movedone'
        Info: 2: + IC(0.921 ns) + CELL(0.200 ns) = 1.121 ns; Loc. = LC_X12_Y5_N0; Fanout = 1; COMB Node = 'humanmove:u2|humansetr~0'
        Info: 3: + IC(0.305 ns) + CELL(0.591 ns) = 2.017 ns; Loc. = LC_X12_Y5_N1; Fanout = 19; REG Node = 'humanmove:u2|humansetr'
        Info: Total cell delay = 0.791 ns ( 39.22 % )
        Info: Total interconnect delay = 1.226 ns ( 60.78 % )
    Info: - Smallest clock skew is -5.941 ns
        Info: + Shortest clock path from clock "clk1khz" to destination register is 3.819 ns
            Info: 1: + IC(0.000 ns) + CELL(1.163 ns) = 1.163 ns; Loc. = PIN_18; Fanout = 13; CLK Node = 'clk1khz'
            Info: 2: + IC(1.738 ns) + CELL(0.918 ns) = 3.819 ns; Loc. = LC_X12_Y5_N1; Fanout = 19; REG Node = 'humanmove:u2|humansetr'
            Info: Total cell delay = 2.081 ns ( 54.49 % )
            Info: Total interconnect delay = 1.738 ns ( 45.51 % )
        Info: - Longest clock path from clock "clk1khz" to source register is 9.760 ns
            Info: 1: + IC(0.000 ns) + CELL(1.163 ns) = 1.163 ns; Loc. = PIN_18; Fanout = 13; CLK Node = 'clk1khz'
            Info: 2: + IC(1.738 ns) + CELL(1.294 ns) = 4.195 ns; Loc. = LC_X11_Y8_N0; Fanout = 18; REG Node = 'humanmove:u2|divide:u1|clkp'
            Info: 3: + IC(4.647 ns) + CELL(0.918 ns) = 9.760 ns; Loc. = LC_X12_Y5_N8; Fanout = 3; REG Node = 'humanmove:u2|movedone'
            Info: Total cell delay = 3.375 ns ( 34.58 % )
            Info: Total interconnect delay = 6.385 ns ( 65.42 % )
    Info: + Micro clock to output delay of source is 0.376 ns
    Info: + Micro setup delay of destination is 0.333 ns
    Info: Delay path is controlled by inverted clocks -- if clock duty cycle is 50%, fmax is divided by two
Warning: Circuit may not operate. Detected 19 non-operational path(s) clocked by clock "clk1khz" with clock skew larger than data delay. See Compilation Report for details.
Info: Found hold time violation between source  pin or register "humanmove:u2|humansetr" and destination pin or register "humanmove:u2|led[15]" for clock "clk1khz" (Hold time is 2.838 ns)
    Info: + Largest clock skew is 5.941 ns
        Info: + Longest clock path from clock "clk1khz" to destination register is 9.760 ns
            Info: 1: + IC(0.000 ns) + CELL(1.163 ns) = 1.163 ns; Loc. = PIN_18; Fanout = 13; CLK Node = 'clk1khz'
            Info: 2: + IC(1.738 ns) + CELL(1.294 ns) = 4.195 ns; Loc. = LC_X11_Y8_N0; Fanout = 18; REG Node = 'humanmove:u2|divide:u1|clkp'
            Info: 3: + IC(4.647 ns) + CELL(0.918 ns) = 9.760 ns; Loc. = LC_X13_Y6_N4; Fanout = 3; REG Node = 'humanmove:u2|led[15]'
            Info: Total cell delay = 3.375 ns ( 34.58 % )
            Info: Total interconnect delay = 6.385 ns ( 65.42 % )
        Info: - Shortest clock path from clock "clk1khz" to source register is 3.819 ns
            Info: 1: + IC(0.000 ns) + CELL(1.163 ns) = 1.163 ns; Loc. = PIN_18; Fanout = 13; CLK Node = 'clk1khz'
            Info: 2: + IC(1.738 ns) + CELL(0.918 ns) = 3.819 ns; Loc. = LC_X12_Y5_N1; Fanout = 19; REG Node = 'humanmove:u2|humansetr'
            Info: Total cell delay = 2.081 ns ( 54.49 % )
            Info: Total interconnect delay = 1.738 ns ( 45.51 % )
    Info: - Micro clock to output delay of source is 0.376 ns
    Info: - Shortest register to register delay is 2.948 ns
        Info: 1: + IC(0.000 ns) + CELL(0.000 ns) = 0.000 ns; Loc. = LC_X12_Y5_N1; Fanout = 19; REG Node = 'humanmove:u2|humansetr'
        Info: 2: + IC(2.357 ns) + CELL(0.591 ns) = 2.948 ns; Loc. = LC_X13_Y6_N4; Fanout = 3; REG Node = 'humanmove:u2|led[15]'
        Info: Total cell delay = 0.591 ns ( 20.05 % )
        Info: Total interconnect delay = 2.357 ns ( 79.95 % )
    Info: + Micro hold delay of destination is 0.221 ns
    Info: Delay path is controlled by inverted clocks -- if clock duty cycle is 50%, fmax is divided by two
Info: tsu for register "humanmove:u2|humansetr" (data pin = "human", clock pin = "clk1khz") is 2.337 ns
    Info: + Longest pin to register delay is 5.823 ns
        Info: 1: + IC(0.000 ns) + CELL(1.163 ns) = 1.163 ns; Loc. = PIN_20; Fanout = 13; PIN Node = 'human'
        Info: 2: + IC(3.856 ns) + CELL(0.804 ns) = 5.823 ns; Loc. = LC_X12_Y5_N1; Fanout = 19; REG Node = 'humanmove:u2|humansetr'
        Info: Total cell delay = 1.967 ns ( 33.78 % )
        Info: Total interconnect delay = 3.856 ns ( 66.22 % )
    Info: + Micro setup delay of destination is 0.333 ns
    Info: - Shortest clock path from clock "clk1khz" to destination register is 3.819 ns
        Info: 1: + IC(0.000 ns) + CELL(1.163 ns) = 1.163 ns; Loc. = PIN_18; Fanout = 13; CLK Node = 'clk1khz'
        Info: 2: + IC(1.738 ns) + CELL(0.918 ns) = 3.819 ns; Loc. = LC_X12_Y5_N1; Fanout = 19; REG Node = 'humanmove:u2|humansetr'
        Info: Total cell delay = 2.081 ns ( 54.49 % )
        Info: Total interconnect delay = 1.738 ns ( 45.51 % )
Info: tco from clock "clk1khz" to destination pin "led[14]" through register "humanmove:u2|led[14]" is 16.557 ns
    Info: + Longest clock path from clock "clk1khz" to source register is 9.760 ns
        Info: 1: + IC(0.000 ns) + CELL(1.163 ns) = 1.163 ns; Loc. = PIN_18; Fanout = 13; CLK Node = 'clk1khz'
        Info: 2: + IC(1.738 ns) + CELL(1.294 ns) = 4.195 ns; Loc. = LC_X11_Y8_N0; Fanout = 18; REG Node = 'humanmove:u2|divide:u1|clkp'
        Info: 3: + IC(4.647 ns) + CELL(0.918 ns) = 9.760 ns; Loc. = LC_X13_Y6_N5; Fanout = 4; REG Node = 'humanmove:u2|led[14]'
        Info: Total cell delay = 3.375 ns ( 34.58 % )
        Info: Total interconnect delay = 6.385 ns ( 65.42 % )
    Info: + Micro clock to output delay of source is 0.376 ns
    Info: + Longest register to pin delay is 6.421 ns
        Info: 1: + IC(0.000 ns) + CELL(0.000 ns) = 0.000 ns; Loc. = LC_X13_Y6_N5; Fanout = 4; REG Node = 'humanmove:u2|led[14]'
        Info: 2: + IC(4.099 ns) + CELL(2.322 ns) = 6.421 ns; Loc. = PIN_2; Fanout = 0; PIN Node = 'led[14]'
        Info: Total cell delay = 2.322 ns ( 36.16 % )
        Info: Total interconnect delay = 4.099 ns ( 63.84 % )
Info: th for register "humanmove:u2|humanmove" (data pin = "human", clock pin = "clk1khz") is -1.308 ns
    Info: + Longest clock path from clock "clk1khz" to destination register is 3.819 ns
        Info: 1: + IC(0.000 ns) + CELL(1.163 ns) = 1.163 ns; Loc. = PIN_18; Fanout = 13; CLK Node = 'clk1khz'
        Info: 2: + IC(1.738 ns) + CELL(0.918 ns) = 3.819 ns; Loc. = LC_X2_Y5_N2; Fanout = 5; REG Node = 'humanmove:u2|humanmove'
        Info: Total cell delay = 2.081 ns ( 54.49 % )
        Info: Total interconnect delay = 1.738 ns ( 45.51 % )
    Info: + Micro hold delay of destination is 0.221 ns
    Info: - Shortest pin to register delay is 5.348 ns
        Info: 1: + IC(0.000 ns) + CELL(1.163 ns) = 1.163 ns; Loc. = PIN_20; Fanout = 13; PIN Node = 'human'
        Info: 2: + IC(3.124 ns) + CELL(1.061 ns) = 5.348 ns; Loc. = LC_X2_Y5_N2; Fanout = 5; REG Node = 'humanmove:u2|humanmove'
        Info: Total cell delay = 2.224 ns ( 41.59 % )
        Info: Total interconnect delay = 3.124 ns ( 58.41 % )
Info: Quartus II 64-Bit Classic Timing Analyzer was successful. 0 errors, 3 warnings
    Info: Peak virtual memory: 4361 megabytes
    Info: Processing ended: Thu Nov 24 14:16:48 2022
    Info: Elapsed time: 00:00:00
    Info: Total CPU time (on all processors): 00:00:00


