Analysis & Synthesis report for dotmatric
Sun Nov 20 17:17:42 2022
Quartus II 64-Bit Version 9.1 Build 222 10/21/2009 SJ Full Version


---------------------
; Table of Contents ;
---------------------
  1. Legal Notice
  2. Analysis & Synthesis Summary
  3. Analysis & Synthesis Settings
  4. Parallel Compilation
  5. Analysis & Synthesis Source Files Read
  6. Analysis & Synthesis Resource Usage Summary
  7. Analysis & Synthesis Resource Utilization by Entity
  8. User-Specified and Inferred Latches
  9. Registers Removed During Synthesis
 10. General Register Statistics
 11. Inverted Register Statistics
 12. Multiplexer Restructuring Statistics (Restructuring Performed)
 13. Parameter Settings for User Entity Instance: divide:u4
 14. Analysis & Synthesis Messages



----------------
; Legal Notice ;
----------------
Copyright (C) 1991-2009 Altera Corporation
Your use of Altera Corporation's design tools, logic functions 
and other software and tools, and its AMPP partner logic 
functions, and any output files from any of the foregoing 
(including device programming or simulation files), and any 
associated documentation or information are expressly subject 
to the terms and conditions of the Altera Program License 
Subscription Agreement, Altera MegaCore Function License 
Agreement, or other applicable license agreement, including, 
without limitation, that your use is for the sole purpose of 
programming logic devices manufactured by Altera and sold by 
Altera or its authorized distributors.  Please refer to the 
applicable agreement for further details.



+------------------------------------------------------------------------+
; Analysis & Synthesis Summary                                           ;
+-----------------------------+------------------------------------------+
; Analysis & Synthesis Status ; Successful - Sun Nov 20 17:17:42 2022    ;
; Quartus II 64-Bit Version   ; 9.1 Build 222 10/21/2009 SJ Full Version ;
; Revision Name               ; dotmatric                                ;
; Top-level Entity Name       ; dotmatric                                ;
; Family                      ; MAX II                                   ;
; Total logic elements        ; 70                                       ;
; Total pins                  ; 31                                       ;
; Total virtual pins          ; 0                                        ;
; UFM blocks                  ; 0 / 1 ( 0 % )                            ;
+-----------------------------+------------------------------------------+


+----------------------------------------------------------------------------------------------------------------------+
; Analysis & Synthesis Settings                                                                                        ;
+----------------------------------------------------------------------------+--------------------+--------------------+
; Option                                                                     ; Setting            ; Default Value      ;
+----------------------------------------------------------------------------+--------------------+--------------------+
; Device                                                                     ; EPM1270T144C5      ;                    ;
; Top-level entity name                                                      ; dotmatric          ; dotmatric          ;
; Family name                                                                ; MAX II             ; Stratix II         ;
; Use Generated Physical Constraints File                                    ; Off                ;                    ;
; Use smart compilation                                                      ; Off                ; Off                ;
; Enable parallel Assembler and TimeQuest Timing Analyzer during compilation ; On                 ; On                 ;
; Enable compact report table                                                ; Off                ; Off                ;
; Restructure Multiplexers                                                   ; Auto               ; Auto               ;
; Create Debugging Nodes for IP Cores                                        ; Off                ; Off                ;
; Preserve fewer node names                                                  ; On                 ; On                 ;
; Disable OpenCore Plus hardware evaluation                                  ; Off                ; Off                ;
; Verilog Version                                                            ; Verilog_2001       ; Verilog_2001       ;
; VHDL Version                                                               ; VHDL_1993          ; VHDL_1993          ;
; State Machine Processing                                                   ; Auto               ; Auto               ;
; Safe State Machine                                                         ; Off                ; Off                ;
; Extract Verilog State Machines                                             ; On                 ; On                 ;
; Extract VHDL State Machines                                                ; On                 ; On                 ;
; Ignore Verilog initial constructs                                          ; Off                ; Off                ;
; Iteration limit for constant Verilog loops                                 ; 5000               ; 5000               ;
; Iteration limit for non-constant Verilog loops                             ; 250                ; 250                ;
; Add Pass-Through Logic to Inferred RAMs                                    ; On                 ; On                 ;
; Parallel Synthesis                                                         ; On                 ; On                 ;
; NOT Gate Push-Back                                                         ; On                 ; On                 ;
; Power-Up Don't Care                                                        ; On                 ; On                 ;
; Remove Redundant Logic Cells                                               ; Off                ; Off                ;
; Remove Duplicate Registers                                                 ; On                 ; On                 ;
; Ignore CARRY Buffers                                                       ; Off                ; Off                ;
; Ignore CASCADE Buffers                                                     ; Off                ; Off                ;
; Ignore GLOBAL Buffers                                                      ; Off                ; Off                ;
; Ignore ROW GLOBAL Buffers                                                  ; Off                ; Off                ;
; Ignore LCELL Buffers                                                       ; Off                ; Off                ;
; Ignore SOFT Buffers                                                        ; On                 ; On                 ;
; Limit AHDL Integers to 32 Bits                                             ; Off                ; Off                ;
; Optimization Technique                                                     ; Balanced           ; Balanced           ;
; Carry Chain Length                                                         ; 70                 ; 70                 ;
; Auto Carry Chains                                                          ; On                 ; On                 ;
; Auto Open-Drain Pins                                                       ; On                 ; On                 ;
; Perform WYSIWYG Primitive Resynthesis                                      ; Off                ; Off                ;
; Auto Shift Register Replacement                                            ; Auto               ; Auto               ;
; Auto Clock Enable Replacement                                              ; On                 ; On                 ;
; Allow Synchronous Control Signals                                          ; On                 ; On                 ;
; Force Use of Synchronous Clear Signals                                     ; Off                ; Off                ;
; Auto Resource Sharing                                                      ; Off                ; Off                ;
; Use LogicLock Constraints during Resource Balancing                        ; On                 ; On                 ;
; Ignore translate_off and synthesis_off directives                          ; Off                ; Off                ;
; Show Parameter Settings Tables in Synthesis Report                         ; On                 ; On                 ;
; Ignore Maximum Fan-Out Assignments                                         ; Off                ; Off                ;
; Synchronization Register Chain Length                                      ; 2                  ; 2                  ;
; PowerPlay Power Optimization                                               ; Normal compilation ; Normal compilation ;
; HDL message level                                                          ; Level2             ; Level2             ;
; Suppress Register Optimization Related Messages                            ; Off                ; Off                ;
; Number of Removed Registers Reported in Synthesis Report                   ; 100                ; 100                ;
; Number of Inverted Registers Reported in Synthesis Report                  ; 100                ; 100                ;
; Clock MUX Protection                                                       ; On                 ; On                 ;
; Block Design Naming                                                        ; Auto               ; Auto               ;
; Synthesis Effort                                                           ; Auto               ; Auto               ;
; Shift Register Replacement - Allow Asynchronous Clear Signal               ; On                 ; On                 ;
; Analysis & Synthesis Message Level                                         ; Medium             ; Medium             ;
; Disable Register Merging Across Hierarchies                                ; Auto               ; Auto               ;
+----------------------------------------------------------------------------+--------------------+--------------------+


+------------------------------------------+
; Parallel Compilation                     ;
+----------------------------+-------------+
; Processors                 ; Number      ;
+----------------------------+-------------+
; Number detected on machine ; 8           ;
; Maximum allowed            ; 8           ;
;                            ;             ;
; Average used               ; 1.00        ;
; Maximum used               ; 1           ;
;                            ;             ;
; Usage by Processor         ; % Time Used ;
;     1 processor            ; 100.0%      ;
;     2-8 processors         ;   0.0%      ;
+----------------------------+-------------+


+------------------------------------------------------------------------------------------------------------------------------------+
; Analysis & Synthesis Source Files Read                                                                                             ;
+----------------------------------+-----------------+------------------------+------------------------------------------------------+
; File Name with User-Entered Path ; Used in Netlist ; File Type              ; File Name with Absolute Path                         ;
+----------------------------------+-----------------+------------------------+------------------------------------------------------+
; dotmatric.v                      ; yes             ; User Verilog HDL File  ; C:/Users/PYashmed/Desktop/CDAR/dotmatric/dotmatric.v ;
+----------------------------------+-----------------+------------------------+------------------------------------------------------+


+--------------------------------------------------------------+
; Analysis & Synthesis Resource Usage Summary                  ;
+---------------------------------------------+----------------+
; Resource                                    ; Usage          ;
+---------------------------------------------+----------------+
; Total logic elements                        ; 70             ;
;     -- Combinational with no register       ; 46             ;
;     -- Register only                        ; 9              ;
;     -- Combinational with a register        ; 15             ;
;                                             ;                ;
; Logic element usage by number of LUT inputs ;                ;
;     -- 4 input functions                    ; 24             ;
;     -- 3 input functions                    ; 10             ;
;     -- 2 input functions                    ; 23             ;
;     -- 1 input functions                    ; 4              ;
;     -- 0 input functions                    ; 0              ;
;                                             ;                ;
; Logic elements by mode                      ;                ;
;     -- normal mode                          ; 62             ;
;     -- arithmetic mode                      ; 8              ;
;     -- qfbk mode                            ; 0              ;
;     -- register cascade mode                ; 0              ;
;     -- synchronous clear/load mode          ; 0              ;
;     -- asynchronous clear/load mode         ; 12             ;
;                                             ;                ;
; Total registers                             ; 24             ;
; Total logic cells in carry chains           ; 9              ;
; I/O pins                                    ; 31             ;
; Maximum fan-out node                        ; cnt8:u1|cnt[1] ;
; Maximum fan-out                             ; 17             ;
; Total fan-out                               ; 255            ;
; Average fan-out                             ; 2.52           ;
+---------------------------------------------+----------------+


+-----------------------------------------------------------------------------------------------------------------------------------------------------------------------------------------------------------------------------------+
; Analysis & Synthesis Resource Utilization by Entity                                                                                                                                                                               ;
+----------------------------+-------------+--------------+------------+------+--------------+--------------+-------------------+------------------+-----------------+------------+----------------------------------+--------------+
; Compilation Hierarchy Node ; Logic Cells ; LC Registers ; UFM Blocks ; Pins ; Virtual Pins ; LUT-Only LCs ; Register-Only LCs ; LUT/Register LCs ; Carry Chain LCs ; Packed LCs ; Full Hierarchy Name              ; Library Name ;
+----------------------------+-------------+--------------+------------+------+--------------+--------------+-------------------+------------------+-----------------+------------+----------------------------------+--------------+
; |dotmatric                 ; 70 (0)      ; 24           ; 0          ; 31   ; 0            ; 46 (0)       ; 9 (0)             ; 15 (0)           ; 9 (0)           ; 0 (0)      ; |dotmatric                       ; work         ;
;    |bicolor_dot_matrix:u2| ; 26 (26)     ; 0            ; 0          ; 0    ; 0            ; 26 (26)      ; 0 (0)             ; 0 (0)            ; 0 (0)           ; 0 (0)      ; |dotmatric|bicolor_dot_matrix:u2 ; work         ;
;    |changemode:u3|         ; 19 (19)     ; 12           ; 0          ; 0    ; 0            ; 7 (7)        ; 6 (6)             ; 6 (6)            ; 0 (0)           ; 0 (0)      ; |dotmatric|changemode:u3         ; work         ;
;    |cnt8:u1|               ; 3 (3)       ; 3            ; 0          ; 0    ; 0            ; 0 (0)        ; 1 (1)             ; 2 (2)            ; 0 (0)           ; 0 (0)      ; |dotmatric|cnt8:u1               ; work         ;
;    |divide:u4|             ; 22 (22)     ; 9            ; 0          ; 0    ; 0            ; 13 (13)      ; 2 (2)             ; 7 (7)            ; 9 (9)           ; 0 (0)      ; |dotmatric|divide:u4             ; work         ;
+----------------------------+-------------+--------------+------------+------+--------------+--------------+-------------------+------------------+-----------------+------------+----------------------------------+--------------+
Note: For table entries with two numbers listed, the numbers in parentheses indicate the number of resources of the given type used by the specific entity alone. The numbers listed outside of parentheses indicate the total resources of the given type used by the specific entity and all of its sub-entities in the hierarchy.


+----------------------------------------------------------------------------------------------------+
; User-Specified and Inferred Latches                                                                ;
+-----------------------------------------------------+---------------------+------------------------+
; Latch Name                                          ; Latch Enable Signal ; Free of Timing Hazards ;
+-----------------------------------------------------+---------------------+------------------------+
; bicolor_dot_matrix:u2|r[0]                          ; off                 ; yes                    ;
; bicolor_dot_matrix:u2|r[1]                          ; off                 ; yes                    ;
; bicolor_dot_matrix:u2|r[2]                          ; off                 ; yes                    ;
; bicolor_dot_matrix:u2|r[3]                          ; off                 ; yes                    ;
; bicolor_dot_matrix:u2|r[4]                          ; off                 ; yes                    ;
; bicolor_dot_matrix:u2|r[5]                          ; off                 ; yes                    ;
; bicolor_dot_matrix:u2|r[6]                          ; off                 ; yes                    ;
; bicolor_dot_matrix:u2|r[7]                          ; off                 ; yes                    ;
; bicolor_dot_matrix:u2|g[0]                          ; off                 ; yes                    ;
; bicolor_dot_matrix:u2|g[1]                          ; off                 ; yes                    ;
; bicolor_dot_matrix:u2|g[2]                          ; off                 ; yes                    ;
; bicolor_dot_matrix:u2|g[3]                          ; off                 ; yes                    ;
; bicolor_dot_matrix:u2|g[4]                          ; off                 ; yes                    ;
; bicolor_dot_matrix:u2|g[5]                          ; off                 ; yes                    ;
; bicolor_dot_matrix:u2|g[6]                          ; off                 ; yes                    ;
; bicolor_dot_matrix:u2|g[7]                          ; off                 ; yes                    ;
; Number of user-specified and inferred latches = 16  ;                     ;                        ;
+-----------------------------------------------------+---------------------+------------------------+
Note: All latches listed above may not be present at the end of synthesis due to various synthesis optimizations.


+-----------------------------------------------------------------------------+
; Registers Removed During Synthesis                                          ;
+----------------------------------------+------------------------------------+
; Register name                          ; Reason for Removal                 ;
+----------------------------------------+------------------------------------+
; changemode:u3|mouse[1]                 ; Merged with changemode:u3|mouse[0] ;
; changemode:u3|cat[6]                   ; Merged with changemode:u3|cat[7]   ;
; changemode:u3|cat[4]                   ; Merged with changemode:u3|cat[5]   ;
; changemode:u3|cat[2]                   ; Merged with changemode:u3|cat[3]   ;
; changemode:u3|cat[0]                   ; Merged with changemode:u3|cat[1]   ;
; changemode:u3|dog[6]                   ; Merged with changemode:u3|dog[7]   ;
; changemode:u3|dog[4]                   ; Merged with changemode:u3|dog[5]   ;
; changemode:u3|dog[2]                   ; Merged with changemode:u3|dog[3]   ;
; changemode:u3|dog[0]                   ; Merged with changemode:u3|dog[1]   ;
; changemode:u3|mouse[6]                 ; Merged with changemode:u3|mouse[7] ;
; changemode:u3|mouse[4]                 ; Merged with changemode:u3|mouse[5] ;
; changemode:u3|mouse[2]                 ; Merged with changemode:u3|mouse[3] ;
; divide:u4|cntp[0]                      ; Merged with cnt8:u1|cnt[0]         ;
; divide:u4|cntp[1]                      ; Merged with cnt8:u1|cnt[1]         ;
; Total Number of Removed Registers = 14 ;                                    ;
+----------------------------------------+------------------------------------+


+------------------------------------------------------+
; General Register Statistics                          ;
+----------------------------------------------+-------+
; Statistic                                    ; Value ;
+----------------------------------------------+-------+
; Total registers                              ; 24    ;
; Number of registers using Synchronous Clear  ; 0     ;
; Number of registers using Synchronous Load   ; 0     ;
; Number of registers using Asynchronous Clear ; 12    ;
; Number of registers using Asynchronous Load  ; 0     ;
; Number of registers using Clock Enable       ; 10    ;
; Number of registers using Preset             ; 0     ;
+----------------------------------------------+-------+


+--------------------------------------------------+
; Inverted Register Statistics                     ;
+----------------------------------------+---------+
; Inverted Register                      ; Fan out ;
+----------------------------------------+---------+
; changemode:u3|cat[7]                   ; 2       ;
; changemode:u3|mouse[7]                 ; 3       ;
; changemode:u3|dog[7]                   ; 2       ;
; Total number of inverted registers = 3 ;         ;
+----------------------------------------+---------+


+------------------------------------------------------------------------------------------------------------------------------------------------------+
; Multiplexer Restructuring Statistics (Restructuring Performed)                                                                                       ;
+--------------------+-----------+---------------+----------------------+------------------------+------------+----------------------------------------+
; Multiplexer Inputs ; Bus Width ; Baseline Area ; Area if Restructured ; Saving if Restructured ; Registered ; Example Multiplexer Output             ;
+--------------------+-----------+---------------+----------------------+------------------------+------------+----------------------------------------+
; 16:1               ; 3 bits    ; 30 LEs        ; 6 LEs                ; 24 LEs                 ; Yes        ; |dotmatric|changemode:u3|cat[5]        ;
; 16:1               ; 3 bits    ; 30 LEs        ; 6 LEs                ; 24 LEs                 ; Yes        ; |dotmatric|changemode:u3|dog[1]        ;
; 16:1               ; 3 bits    ; 30 LEs        ; 6 LEs                ; 24 LEs                 ; Yes        ; |dotmatric|changemode:u3|mouse[5]      ;
; 3:1                ; 4 bits    ; 8 LEs         ; 8 LEs                ; 0 LEs                  ; No         ; |dotmatric|bicolor_dot_matrix:u2|Mux3  ;
; 6:1                ; 4 bits    ; 16 LEs        ; 12 LEs               ; 4 LEs                  ; No         ; |dotmatric|bicolor_dot_matrix:u2|Mux11 ;
+--------------------+-----------+---------------+----------------------+------------------------+------------+----------------------------------------+


+--------------------------------------------------------+
; Parameter Settings for User Entity Instance: divide:u4 ;
+----------------+-------+-------------------------------+
; Parameter Name ; Value ; Type                          ;
+----------------+-------+-------------------------------+
; wide           ; 10    ; Signed Integer                ;
; n              ; 500   ; Signed Integer                ;
+----------------+-------+-------------------------------+
Note: In order to hide this table in the UI and the text report file, please set the "Show Parameter Settings Tables in Synthesis Report" option in "Analysis and Synthesis Settings -> More Settings" to "Off".


+-------------------------------+
; Analysis & Synthesis Messages ;
+-------------------------------+
Info: *******************************************************************
Info: Running Quartus II 64-Bit Analysis & Synthesis
    Info: Version 9.1 Build 222 10/21/2009 SJ Full Version
    Info: Processing started: Sun Nov 20 17:17:41 2022
Info: Command: quartus_map --read_settings_files=on --write_settings_files=off dotmatric -c dotmatric
Info: Parallel compilation is enabled and will use 8 of the 8 processors detected
Warning: Entity "divide" obtained from "C:/Users/PYashmed/Desktop/CDAR/dotmatric/dotmatric.v" instead of from Quartus II megafunction library
Info: Found 5 design units, including 5 entities, in source file dotmatric.v
    Info: Found entity 1: dotmatric
    Info: Found entity 2: cnt8
    Info: Found entity 3: bicolor_dot_matrix
    Info: Found entity 4: changemode
    Info: Found entity 5: divide
Warning (10236): Verilog HDL Implicit Net warning at dotmatric.v(31): created implicit net for "clk1hz"
Info: Elaborating entity "dotmatric" for the top level hierarchy
Info: Elaborating entity "cnt8" for hierarchy "cnt8:u1"
Info: Elaborating entity "bicolor_dot_matrix" for hierarchy "bicolor_dot_matrix:u2"
Warning (10235): Verilog HDL Always Construct warning at dotmatric.v(62): variable "off" is read inside the Always Construct but isn't in the Always Construct's Event Control
Warning (10235): Verilog HDL Always Construct warning at dotmatric.v(67): variable "cat" is read inside the Always Construct but isn't in the Always Construct's Event Control
Warning (10235): Verilog HDL Always Construct warning at dotmatric.v(68): variable "cat" is read inside the Always Construct but isn't in the Always Construct's Event Control
Warning (10235): Verilog HDL Always Construct warning at dotmatric.v(70): variable "dog" is read inside the Always Construct but isn't in the Always Construct's Event Control
Warning (10235): Verilog HDL Always Construct warning at dotmatric.v(71): variable "dog" is read inside the Always Construct but isn't in the Always Construct's Event Control
Warning (10235): Verilog HDL Always Construct warning at dotmatric.v(73): variable "mouse" is read inside the Always Construct but isn't in the Always Construct's Event Control
Warning (10235): Verilog HDL Always Construct warning at dotmatric.v(74): variable "mouse" is read inside the Always Construct but isn't in the Always Construct's Event Control
Warning (10240): Verilog HDL Always Construct warning at dotmatric.v(61): inferring latch(es) for variable "r", which holds its previous value in one or more paths through the always construct
Warning (10240): Verilog HDL Always Construct warning at dotmatric.v(61): inferring latch(es) for variable "g", which holds its previous value in one or more paths through the always construct
Info (10041): Inferred latch for "g[0]" at dotmatric.v(61)
Info (10041): Inferred latch for "g[1]" at dotmatric.v(61)
Info (10041): Inferred latch for "g[2]" at dotmatric.v(61)
Info (10041): Inferred latch for "g[3]" at dotmatric.v(61)
Info (10041): Inferred latch for "g[4]" at dotmatric.v(61)
Info (10041): Inferred latch for "g[5]" at dotmatric.v(61)
Info (10041): Inferred latch for "g[6]" at dotmatric.v(61)
Info (10041): Inferred latch for "g[7]" at dotmatric.v(61)
Info (10041): Inferred latch for "r[0]" at dotmatric.v(61)
Info (10041): Inferred latch for "r[1]" at dotmatric.v(61)
Info (10041): Inferred latch for "r[2]" at dotmatric.v(61)
Info (10041): Inferred latch for "r[3]" at dotmatric.v(61)
Info (10041): Inferred latch for "r[4]" at dotmatric.v(61)
Info (10041): Inferred latch for "r[5]" at dotmatric.v(61)
Info (10041): Inferred latch for "r[6]" at dotmatric.v(61)
Info (10041): Inferred latch for "r[7]" at dotmatric.v(61)
Info: Elaborating entity "changemode" for hierarchy "changemode:u3"
Info: Elaborating entity "divide" for hierarchy "divide:u4"
Warning (10230): Verilog HDL assignment warning at dotmatric.v(132): truncated value with size 32 to match size of target (10)
Warning (10230): Verilog HDL assignment warning at dotmatric.v(149): truncated value with size 32 to match size of target (10)
Info: Duplicate LATCH primitives merged into single LATCH primitive
    Info: Duplicate LATCH primitive "bicolor_dot_matrix:u2|r[1]" merged with LATCH primitive "bicolor_dot_matrix:u2|r[0]"
    Info: Duplicate LATCH primitive "bicolor_dot_matrix:u2|r[3]" merged with LATCH primitive "bicolor_dot_matrix:u2|r[2]"
    Info: Duplicate LATCH primitive "bicolor_dot_matrix:u2|r[5]" merged with LATCH primitive "bicolor_dot_matrix:u2|r[4]"
    Info: Duplicate LATCH primitive "bicolor_dot_matrix:u2|r[7]" merged with LATCH primitive "bicolor_dot_matrix:u2|r[6]"
    Info: Duplicate LATCH primitive "bicolor_dot_matrix:u2|g[1]" merged with LATCH primitive "bicolor_dot_matrix:u2|g[0]"
    Info: Duplicate LATCH primitive "bicolor_dot_matrix:u2|g[3]" merged with LATCH primitive "bicolor_dot_matrix:u2|g[2]"
    Info: Duplicate LATCH primitive "bicolor_dot_matrix:u2|g[5]" merged with LATCH primitive "bicolor_dot_matrix:u2|g[4]"
    Info: Duplicate LATCH primitive "bicolor_dot_matrix:u2|g[7]" merged with LATCH primitive "bicolor_dot_matrix:u2|g[6]"
Info: Registers with preset signals will power-up high
Info: Implemented 101 device resources after synthesis - the final resource count might be different
    Info: Implemented 7 input pins
    Info: Implemented 24 output pins
    Info: Implemented 70 logic cells
Info: Quartus II 64-Bit Analysis & Synthesis was successful. 0 errors, 13 warnings
    Info: Peak virtual memory: 4412 megabytes
    Info: Processing ended: Sun Nov 20 17:17:42 2022
    Info: Elapsed time: 00:00:01
    Info: Total CPU time (on all processors): 00:00:01


