Fitter report for animation
Tue Nov 22 10:13:29 2022
Quartus II 64-Bit Version 9.1 Build 222 10/21/2009 SJ Full Version


---------------------
; Table of Contents ;
---------------------
  1. Legal Notice
  2. Fitter Summary
  3. Fitter Settings
  4. Parallel Compilation
  5. Pin-Out File
  6. Fitter Resource Usage Summary
  7. Input Pins
  8. Output Pins
  9. I/O Bank Usage
 10. All Package Pins
 11. Output Pin Default Load For Reported TCO
 12. Fitter Resource Utilization by Entity
 13. Delay Chain Summary
 14. Control Signals
 15. Global & Other Fast Signals
 16. Non-Global High Fan-Out Signals
 17. Interconnect Usage Summary
 18. LAB Logic Elements
 19. LAB-wide Signals
 20. LAB Signals Sourced
 21. LAB Signals Sourced Out
 22. LAB Distinct Inputs
 23. Fitter Device Options
 24. Estimated Delay Added for Hold Timing
 25. Fitter Messages
 26. Fitter Suppressed Messages



----------------
; Legal Notice ;
----------------
Copyright (C) 1991-2009 Altera Corporation
Your use of Altera Corporation's design tools, logic functions 
and other software and tools, and its AMPP partner logic 
functions, and any output files from any of the foregoing 
(including device programming or simulation files), and any 
associated documentation or information are expressly subject 
to the terms and conditions of the Altera Program License 
Subscription Agreement, Altera MegaCore Function License 
Agreement, or other applicable license agreement, including, 
without limitation, that your use is for the sole purpose of 
programming logic devices manufactured by Altera and sold by 
Altera or its authorized distributors.  Please refer to the 
applicable agreement for further details.



+----------------------------------------------------------------------+
; Fitter Summary                                                       ;
+---------------------------+------------------------------------------+
; Fitter Status             ; Successful - Tue Nov 22 10:13:29 2022    ;
; Quartus II 64-Bit Version ; 9.1 Build 222 10/21/2009 SJ Full Version ;
; Revision Name             ; animation                                ;
; Top-level Entity Name     ; animation                                ;
; Family                    ; MAX II                                   ;
; Device                    ; EPM1270T144C5                            ;
; Timing Models             ; Final                                    ;
; Total logic elements      ; 107 / 1,270 ( 8 % )                      ;
; Total pins                ; 30 / 116 ( 26 % )                        ;
; Total virtual pins        ; 0                                        ;
; UFM blocks                ; 0 / 1 ( 0 % )                            ;
+---------------------------+------------------------------------------+


+----------------------------------------------------------------------------------------------------------------------------------------------+
; Fitter Settings                                                                                                                              ;
+----------------------------------------------------------------------------+--------------------------------+--------------------------------+
; Option                                                                     ; Setting                        ; Default Value                  ;
+----------------------------------------------------------------------------+--------------------------------+--------------------------------+
; Device                                                                     ; EPM1270T144C5                  ;                                ;
; Minimum Core Junction Temperature                                          ; 0                              ;                                ;
; Maximum Core Junction Temperature                                          ; 85                             ;                                ;
; Fit Attempts to Skip                                                       ; 0                              ; 0.0                            ;
; Device I/O Standard                                                        ; 3.3-V LVTTL                    ;                                ;
; Use smart compilation                                                      ; Off                            ; Off                            ;
; Enable parallel Assembler and TimeQuest Timing Analyzer during compilation ; On                             ; On                             ;
; Enable compact report table                                                ; Off                            ; Off                            ;
; Use TimeQuest Timing Analyzer                                              ; Off                            ; Off                            ;
; Router Timing Optimization Level                                           ; Normal                         ; Normal                         ;
; Placement Effort Multiplier                                                ; 1.0                            ; 1.0                            ;
; Router Effort Multiplier                                                   ; 1.0                            ; 1.0                            ;
; Always Enable Input Buffers                                                ; Off                            ; Off                            ;
; Optimize Hold Timing                                                       ; IO Paths and Minimum TPD Paths ; IO Paths and Minimum TPD Paths ;
; Optimize Multi-Corner Timing                                               ; Off                            ; Off                            ;
; Guarantee I/O Paths Have Zero Hold Time at Fast Corner                     ; On                             ; On                             ;
; PowerPlay Power Optimization                                               ; Normal compilation             ; Normal compilation             ;
; Optimize Timing                                                            ; Normal compilation             ; Normal compilation             ;
; Optimize Timing for ECOs                                                   ; Off                            ; Off                            ;
; Regenerate full fit report during ECO compiles                             ; Off                            ; Off                            ;
; Optimize IOC Register Placement for Timing                                 ; On                             ; On                             ;
; Limit to One Fitting Attempt                                               ; Off                            ; Off                            ;
; Final Placement Optimizations                                              ; Automatically                  ; Automatically                  ;
; Fitter Aggressive Routability Optimizations                                ; Automatically                  ; Automatically                  ;
; Fitter Initial Placement Seed                                              ; 1                              ; 1                              ;
; Slow Slew Rate                                                             ; Off                            ; Off                            ;
; PCI I/O                                                                    ; Off                            ; Off                            ;
; Weak Pull-Up Resistor                                                      ; Off                            ; Off                            ;
; Enable Bus-Hold Circuitry                                                  ; Off                            ; Off                            ;
; Auto Delay Chains                                                          ; On                             ; On                             ;
; Perform Physical Synthesis for Combinational Logic for Performance         ; Off                            ; Off                            ;
; Perform Register Duplication for Performance                               ; Off                            ; Off                            ;
; Perform Register Retiming for Performance                                  ; Off                            ; Off                            ;
; Perform Asynchronous Signal Pipelining                                     ; Off                            ; Off                            ;
; Fitter Effort                                                              ; Auto Fit                       ; Auto Fit                       ;
; Physical Synthesis Effort Level                                            ; Normal                         ; Normal                         ;
; Logic Cell Insertion - Logic Duplication                                   ; Auto                           ; Auto                           ;
; Auto Register Duplication                                                  ; Auto                           ; Auto                           ;
; Auto Global Clock                                                          ; On                             ; On                             ;
; Auto Global Register Control Signals                                       ; On                             ; On                             ;
; Stop After Congestion Map Generation                                       ; Off                            ; Off                            ;
; Save Intermediate Fitting Results                                          ; Off                            ; Off                            ;
; Force Fitter to Avoid Periphery Placement Warnings                         ; Off                            ; Off                            ;
; Use Best Effort Settings for Compilation                                   ; Off                            ; Off                            ;
+----------------------------------------------------------------------------+--------------------------------+--------------------------------+


+------------------------------------------+
; Parallel Compilation                     ;
+----------------------------+-------------+
; Processors                 ; Number      ;
+----------------------------+-------------+
; Number detected on machine ; 8           ;
; Maximum allowed            ; 8           ;
;                            ;             ;
; Average used               ; 1.00        ;
; Maximum used               ; 4           ;
;                            ;             ;
; Usage by Processor         ; % Time Used ;
;     1 processor            ; 100.0%      ;
;     2-4 processors         ; < 0.1%      ;
;     5-8 processors         ;   0.0%      ;
+----------------------------+-------------+


+--------------+
; Pin-Out File ;
+--------------+
The pin-out file can be found in C:/Users/PYashmed/Desktop/CDAR/animation/animation.pin.


+---------------------------------------------------------------------------+
; Fitter Resource Usage Summary                                             ;
+---------------------------------------------+-----------------------------+
; Resource                                    ; Usage                       ;
+---------------------------------------------+-----------------------------+
; Total logic elements                        ; 107 / 1,270 ( 8 % )         ;
;     -- Combinational with no register       ; 57                          ;
;     -- Register only                        ; 7                           ;
;     -- Combinational with a register        ; 43                          ;
;                                             ;                             ;
; Logic element usage by number of LUT inputs ;                             ;
;     -- 4 input functions                    ; 40                          ;
;     -- 3 input functions                    ; 16                          ;
;     -- 2 input functions                    ; 37                          ;
;     -- 1 input functions                    ; 6                           ;
;     -- 0 input functions                    ; 1                           ;
;                                             ;                             ;
; Logic elements by mode                      ;                             ;
;     -- normal mode                          ; 90                          ;
;     -- arithmetic mode                      ; 17                          ;
;     -- qfbk mode                            ; 10                          ;
;     -- register cascade mode                ; 0                           ;
;     -- synchronous clear/load mode          ; 15                          ;
;     -- asynchronous clear/load mode         ; 35                          ;
;                                             ;                             ;
; Total registers                             ; 50 / 1,270 ( 4 % )          ;
; Total LABs                                  ; 20 / 127 ( 16 % )           ;
; Logic elements in carry chains              ; 19                          ;
; User inserted logic elements                ; 0                           ;
; Virtual pins                                ; 0                           ;
; I/O pins                                    ; 30 / 116 ( 26 % )           ;
;     -- Clock pins                           ; 1 / 4 ( 25 % )              ;
; Global signals                              ; 4                           ;
; UFM blocks                                  ; 0 / 1 ( 0 % )               ;
; Global clocks                               ; 4 / 4 ( 100 % )             ;
; JTAGs                                       ; 0 / 1 ( 0 % )               ;
; Average interconnect usage (total/H/V)      ; 3% / 4% / 3%                ;
; Peak interconnect usage (total/H/V)         ; 5% / 6% / 5%                ;
; Maximum fan-out node                        ; clk1khz                     ;
; Maximum fan-out                             ; 29                          ;
; Highest non-global fan-out signal           ; dotmatric:u1|cnt8:u1|cnt[1] ;
; Highest non-global fan-out                  ; 16                          ;
; Total fan-out                               ; 426                         ;
; Average fan-out                             ; 3.11                        ;
+---------------------------------------------+-----------------------------+


+----------------------------------------------------------------------------------------------------------------------------------------------------------------------------------------------------------------+
; Input Pins                                                                                                                                                                                                     ;
+---------+-------+----------+--------------+--------------+-------------+-----------------------+--------------------+--------+-----------------+----------+--------------+--------------+----------------------+
; Name    ; Pin # ; I/O Bank ; X coordinate ; Y coordinate ; Cell number ; Combinational Fan-Out ; Registered Fan-Out ; Global ; PCI I/O Enabled ; Bus Hold ; Weak Pull Up ; I/O Standard ; Location assigned by ;
+---------+-------+----------+--------------+--------------+-------------+-----------------------+--------------------+--------+-----------------+----------+--------------+--------------+----------------------+
; cat     ; 124   ; 2        ; 9            ; 11           ; 1           ; 2                     ; 0                  ; no     ; no              ; no       ; Off          ; 3.3-V LVTTL  ; User                 ;
; clk1khz ; 18    ; 1        ; 0            ; 7            ; 5           ; 29                    ; 0                  ; yes    ; no              ; no       ; Off          ; 3.3-V LVTTL  ; User                 ;
; dog     ; 123   ; 2        ; 9            ; 11           ; 0           ; 4                     ; 0                  ; no     ; no              ; no       ; Off          ; 3.3-V LVTTL  ; User                 ;
; mouse   ; 122   ; 2        ; 10           ; 11           ; 2           ; 5                     ; 0                  ; no     ; no              ; no       ; Off          ; 3.3-V LVTTL  ; User                 ;
; off     ; 127   ; 2        ; 9            ; 11           ; 3           ; 20                    ; 0                  ; yes    ; no              ; no       ; Off          ; 3.3-V LVTTL  ; User                 ;
; rst     ; 61    ; 4        ; 10           ; 3            ; 3           ; 16                    ; 0                  ; no     ; no              ; no       ; Off          ; 3.3-V LVTTL  ; User                 ;
+---------+-------+----------+--------------+--------------+-------------+-----------------------+--------------------+--------+-----------------+----------+--------------+--------------+----------------------+


+--------------------------------------------------------------------------------------------------------------------------------------------------------------------------------------------------------------------------------------------------------------------------------------------------------------------------+
; Output Pins                                                                                                                                                                                                                                                                                                              ;
+--------+-------+----------+--------------+--------------+-------------+-----------------+----------------+-----------------+------------+---------------+----------+--------------+--------------+------------------+------------------------+----------------------+-------+----------------------+---------------------+
; Name   ; Pin # ; I/O Bank ; X coordinate ; Y coordinate ; Cell number ; Output Register ; Slow Slew Rate ; PCI I/O Enabled ; Open Drain ; TRI Primitive ; Bus Hold ; Weak Pull Up ; I/O Standard ; Current Strength ; Fast Output Connection ; Location assigned by ; Load  ; Output Enable Source ; Output Enable Group ;
+--------+-------+----------+--------------+--------------+-------------+-----------------+----------------+-----------------+------------+---------------+----------+--------------+--------------+------------------+------------------------+----------------------+-------+----------------------+---------------------+
; g[0]   ; 38    ; 4        ; 2            ; 3            ; 3           ; no              ; no             ; no              ; no         ; no            ; no       ; Off          ; 3.3-V LVTTL  ; 16mA             ; yes                    ; User                 ; 10 pF ; -                    ; -                   ;
; g[1]   ; 39    ; 4        ; 2            ; 3            ; 0           ; no              ; no             ; no              ; no         ; no            ; no       ; Off          ; 3.3-V LVTTL  ; 16mA             ; no                     ; User                 ; 10 pF ; -                    ; -                   ;
; g[2]   ; 40    ; 4        ; 3            ; 3            ; 1           ; no              ; no             ; no              ; no         ; no            ; no       ; Off          ; 3.3-V LVTTL  ; 16mA             ; no                     ; User                 ; 10 pF ; -                    ; -                   ;
; g[3]   ; 41    ; 4        ; 3            ; 3            ; 0           ; no              ; no             ; no              ; no         ; no            ; no       ; Off          ; 3.3-V LVTTL  ; 16mA             ; yes                    ; User                 ; 10 pF ; -                    ; -                   ;
; g[4]   ; 42    ; 4        ; 4            ; 3            ; 0           ; no              ; no             ; no              ; no         ; no            ; no       ; Off          ; 3.3-V LVTTL  ; 16mA             ; no                     ; User                 ; 10 pF ; -                    ; -                   ;
; g[5]   ; 43    ; 4        ; 5            ; 3            ; 3           ; no              ; no             ; no              ; no         ; no            ; no       ; Off          ; 3.3-V LVTTL  ; 16mA             ; no                     ; User                 ; 10 pF ; -                    ; -                   ;
; g[6]   ; 44    ; 4        ; 5            ; 3            ; 2           ; no              ; no             ; no              ; no         ; no            ; no       ; Off          ; 3.3-V LVTTL  ; 16mA             ; no                     ; User                 ; 10 pF ; -                    ; -                   ;
; g[7]   ; 45    ; 4        ; 6            ; 3            ; 0           ; no              ; no             ; no              ; no         ; no            ; no       ; Off          ; 3.3-V LVTTL  ; 16mA             ; no                     ; User                 ; 10 pF ; -                    ; -                   ;
; r[0]   ; 11    ; 1        ; 0            ; 8            ; 6           ; no              ; no             ; no              ; no         ; no            ; no       ; Off          ; 3.3-V LVTTL  ; 16mA             ; no                     ; User                 ; 10 pF ; -                    ; -                   ;
; r[1]   ; 12    ; 1        ; 0            ; 7            ; 0           ; no              ; no             ; no              ; no         ; no            ; no       ; Off          ; 3.3-V LVTTL  ; 16mA             ; no                     ; User                 ; 10 pF ; -                    ; -                   ;
; r[2]   ; 13    ; 1        ; 0            ; 7            ; 1           ; no              ; no             ; no              ; no         ; no            ; no       ; Off          ; 3.3-V LVTTL  ; 16mA             ; no                     ; User                 ; 10 pF ; -                    ; -                   ;
; r[3]   ; 14    ; 1        ; 0            ; 7            ; 2           ; no              ; no             ; no              ; no         ; no            ; no       ; Off          ; 3.3-V LVTTL  ; 16mA             ; no                     ; User                 ; 10 pF ; -                    ; -                   ;
; r[4]   ; 15    ; 1        ; 0            ; 7            ; 3           ; no              ; no             ; no              ; no         ; no            ; no       ; Off          ; 3.3-V LVTTL  ; 16mA             ; no                     ; User                 ; 10 pF ; -                    ; -                   ;
; r[5]   ; 16    ; 1        ; 0            ; 7            ; 4           ; no              ; no             ; no              ; no         ; no            ; no       ; Off          ; 3.3-V LVTTL  ; 16mA             ; yes                    ; User                 ; 10 pF ; -                    ; -                   ;
; r[6]   ; 21    ; 1        ; 0            ; 6            ; 0           ; no              ; no             ; no              ; no         ; no            ; no       ; Off          ; 3.3-V LVTTL  ; 16mA             ; no                     ; User                 ; 10 pF ; -                    ; -                   ;
; r[7]   ; 22    ; 1        ; 0            ; 6            ; 1           ; no              ; no             ; no              ; no         ; no            ; no       ; Off          ; 3.3-V LVTTL  ; 16mA             ; no                     ; User                 ; 10 pF ; -                    ; -                   ;
; row[0] ; 1     ; 1        ; 0            ; 10           ; 2           ; no              ; no             ; no              ; no         ; no            ; no       ; Off          ; 3.3-V LVTTL  ; 16mA             ; no                     ; User                 ; 10 pF ; -                    ; -                   ;
; row[1] ; 2     ; 1        ; 0            ; 10           ; 3           ; no              ; no             ; no              ; no         ; no            ; no       ; Off          ; 3.3-V LVTTL  ; 16mA             ; no                     ; User                 ; 10 pF ; -                    ; -                   ;
; row[2] ; 3     ; 1        ; 0            ; 10           ; 5           ; no              ; no             ; no              ; no         ; no            ; no       ; Off          ; 3.3-V LVTTL  ; 16mA             ; no                     ; User                 ; 10 pF ; -                    ; -                   ;
; row[3] ; 4     ; 1        ; 0            ; 9            ; 0           ; no              ; no             ; no              ; no         ; no            ; no       ; Off          ; 3.3-V LVTTL  ; 16mA             ; no                     ; User                 ; 10 pF ; -                    ; -                   ;
; row[4] ; 5     ; 1        ; 0            ; 9            ; 2           ; no              ; no             ; no              ; no         ; no            ; no       ; Off          ; 3.3-V LVTTL  ; 16mA             ; no                     ; User                 ; 10 pF ; -                    ; -                   ;
; row[5] ; 6     ; 1        ; 0            ; 9            ; 3           ; no              ; no             ; no              ; no         ; no            ; no       ; Off          ; 3.3-V LVTTL  ; 16mA             ; no                     ; User                 ; 10 pF ; -                    ; -                   ;
; row[6] ; 7     ; 1        ; 0            ; 8            ; 0           ; no              ; no             ; no              ; no         ; no            ; no       ; Off          ; 3.3-V LVTTL  ; 16mA             ; no                     ; User                 ; 10 pF ; -                    ; -                   ;
; row[7] ; 8     ; 1        ; 0            ; 8            ; 1           ; no              ; no             ; no              ; no         ; no            ; no       ; Off          ; 3.3-V LVTTL  ; 16mA             ; no                     ; User                 ; 10 pF ; -                    ; -                   ;
+--------+-------+----------+--------------+--------------+-------------+-----------------+----------------+-----------------+------------+---------------+----------+--------------+--------------+------------------+------------------------+----------------------+-------+----------------------+---------------------+


+------------------------------------------------------------+
; I/O Bank Usage                                             ;
+----------+------------------+---------------+--------------+
; I/O Bank ; Usage            ; VCCIO Voltage ; VREF Voltage ;
+----------+------------------+---------------+--------------+
; 1        ; 17 / 26 ( 65 % ) ; 3.3V          ; --           ;
; 2        ; 4 / 30 ( 13 % )  ; 3.3V          ; --           ;
; 3        ; 0 / 30 ( 0 % )   ; 3.3V          ; --           ;
; 4        ; 9 / 30 ( 30 % )  ; 3.3V          ; --           ;
+----------+------------------+---------------+--------------+


+------------------------------------------------------------------------------------------------------------------------------------------------+
; All Package Pins                                                                                                                               ;
+----------+------------+----------+----------------+--------+--------------+-----------+------------+-----------------+----------+--------------+
; Location ; Pad Number ; I/O Bank ; Pin Name/Usage ; Dir.   ; I/O Standard ; Voltage   ; I/O Type   ; User Assignment ; Bus Hold ; Weak Pull Up ;
+----------+------------+----------+----------------+--------+--------------+-----------+------------+-----------------+----------+--------------+
; 1        ; 2          ; 1        ; row[0]         ; output ; 3.3-V LVTTL  ;           ; Row I/O    ; Y               ; no       ; Off          ;
; 2        ; 3          ; 1        ; row[1]         ; output ; 3.3-V LVTTL  ;           ; Row I/O    ; Y               ; no       ; Off          ;
; 3        ; 5          ; 1        ; row[2]         ; output ; 3.3-V LVTTL  ;           ; Row I/O    ; Y               ; no       ; Off          ;
; 4        ; 7          ; 1        ; row[3]         ; output ; 3.3-V LVTTL  ;           ; Row I/O    ; Y               ; no       ; Off          ;
; 5        ; 9          ; 1        ; row[4]         ; output ; 3.3-V LVTTL  ;           ; Row I/O    ; Y               ; no       ; Off          ;
; 6        ; 10         ; 1        ; row[5]         ; output ; 3.3-V LVTTL  ;           ; Row I/O    ; Y               ; no       ; Off          ;
; 7        ; 14         ; 1        ; row[6]         ; output ; 3.3-V LVTTL  ;           ; Row I/O    ; Y               ; no       ; Off          ;
; 8        ; 15         ; 1        ; row[7]         ; output ; 3.3-V LVTTL  ;           ; Row I/O    ; Y               ; no       ; Off          ;
; 9        ;            ; 1        ; VCCIO1         ; power  ;              ; 3.3V      ; --         ;                 ; --       ; --           ;
; 10       ;            ;          ; GNDIO          ; gnd    ;              ;           ; --         ;                 ; --       ; --           ;
; 11       ; 20         ; 1        ; r[0]           ; output ; 3.3-V LVTTL  ;           ; Row I/O    ; Y               ; no       ; Off          ;
; 12       ; 21         ; 1        ; r[1]           ; output ; 3.3-V LVTTL  ;           ; Row I/O    ; Y               ; no       ; Off          ;
; 13       ; 22         ; 1        ; r[2]           ; output ; 3.3-V LVTTL  ;           ; Row I/O    ; Y               ; no       ; Off          ;
; 14       ; 23         ; 1        ; r[3]           ; output ; 3.3-V LVTTL  ;           ; Row I/O    ; Y               ; no       ; Off          ;
; 15       ; 24         ; 1        ; r[4]           ; output ; 3.3-V LVTTL  ;           ; Row I/O    ; Y               ; no       ; Off          ;
; 16       ; 25         ; 1        ; r[5]           ; output ; 3.3-V LVTTL  ;           ; Row I/O    ; Y               ; no       ; Off          ;
; 17       ;            ;          ; GNDINT         ; gnd    ;              ;           ; --         ;                 ; --       ; --           ;
; 18       ; 26         ; 1        ; clk1khz        ; input  ; 3.3-V LVTTL  ;           ; Row I/O    ; Y               ; no       ; Off          ;
; 19       ;            ;          ; VCCINT         ; power  ;              ; 2.5V/3.3V ; --         ;                 ; --       ; --           ;
; 20       ; 27         ; 1        ; GND*           ;        ;              ;           ; Row I/O    ;                 ; no       ; Off          ;
; 21       ; 28         ; 1        ; r[6]           ; output ; 3.3-V LVTTL  ;           ; Row I/O    ; Y               ; no       ; Off          ;
; 22       ; 29         ; 1        ; r[7]           ; output ; 3.3-V LVTTL  ;           ; Row I/O    ; Y               ; no       ; Off          ;
; 23       ; 30         ; 1        ; GND*           ;        ;              ;           ; Row I/O    ;                 ; no       ; Off          ;
; 24       ; 31         ; 1        ; GND*           ;        ;              ;           ; Row I/O    ;                 ; no       ; Off          ;
; 25       ;            ; 1        ; VCCIO1         ; power  ;              ; 3.3V      ; --         ;                 ; --       ; --           ;
; 26       ;            ;          ; GNDIO          ; gnd    ;              ;           ; --         ;                 ; --       ; --           ;
; 27       ; 33         ; 1        ; GND*           ;        ;              ;           ; Row I/O    ;                 ; no       ; Off          ;
; 28       ; 36         ; 1        ; GND*           ;        ;              ;           ; Row I/O    ;                 ; no       ; Off          ;
; 29       ; 37         ; 1        ; GND*           ;        ;              ;           ; Row I/O    ;                 ; no       ; Off          ;
; 30       ; 41         ; 1        ; GND*           ;        ;              ;           ; Row I/O    ;                 ; no       ; Off          ;
; 31       ; 44         ; 1        ; GND*           ;        ;              ;           ; Row I/O    ;                 ; no       ; Off          ;
; 32       ; 47         ; 1        ; GND*           ;        ;              ;           ; Row I/O    ;                 ; no       ; Off          ;
; 33       ; 50         ; 1        ; #TMS           ; input  ;              ;           ; --         ;                 ; --       ; --           ;
; 34       ; 51         ; 1        ; #TDI           ; input  ;              ;           ; --         ;                 ; --       ; --           ;
; 35       ; 52         ; 1        ; #TCK           ; input  ;              ;           ; --         ;                 ; --       ; --           ;
; 36       ; 53         ; 1        ; #TDO           ; output ;              ;           ; --         ;                 ; --       ; --           ;
; 37       ; 56         ; 4        ; GND*           ;        ;              ;           ; Column I/O ;                 ; no       ; Off          ;
; 38       ; 57         ; 4        ; g[0]           ; output ; 3.3-V LVTTL  ;           ; Column I/O ; Y               ; no       ; Off          ;
; 39       ; 60         ; 4        ; g[1]           ; output ; 3.3-V LVTTL  ;           ; Column I/O ; Y               ; no       ; Off          ;
; 40       ; 62         ; 4        ; g[2]           ; output ; 3.3-V LVTTL  ;           ; Column I/O ; Y               ; no       ; Off          ;
; 41       ; 63         ; 4        ; g[3]           ; output ; 3.3-V LVTTL  ;           ; Column I/O ; Y               ; no       ; Off          ;
; 42       ; 67         ; 4        ; g[4]           ; output ; 3.3-V LVTTL  ;           ; Column I/O ; Y               ; no       ; Off          ;
; 43       ; 68         ; 4        ; g[5]           ; output ; 3.3-V LVTTL  ;           ; Column I/O ; Y               ; no       ; Off          ;
; 44       ; 69         ; 4        ; g[6]           ; output ; 3.3-V LVTTL  ;           ; Column I/O ; Y               ; no       ; Off          ;
; 45       ; 74         ; 4        ; g[7]           ; output ; 3.3-V LVTTL  ;           ; Column I/O ; Y               ; no       ; Off          ;
; 46       ;            ; 4        ; VCCIO4         ; power  ;              ; 3.3V      ; --         ;                 ; --       ; --           ;
; 47       ;            ;          ; GNDIO          ; gnd    ;              ;           ; --         ;                 ; --       ; --           ;
; 48       ; 75         ; 4        ; GND*           ;        ;              ;           ; Column I/O ;                 ; no       ; Off          ;
; 49       ; 76         ; 4        ; GND*           ;        ;              ;           ; Column I/O ;                 ; no       ; Off          ;
; 50       ; 77         ; 4        ; GND*           ;        ;              ;           ; Column I/O ;                 ; no       ; Off          ;
; 51       ; 78         ; 4        ; GND*           ;        ;              ;           ; Column I/O ;                 ; no       ; Off          ;
; 52       ; 79         ; 4        ; GND*           ;        ;              ;           ; Column I/O ;                 ; no       ; Off          ;
; 53       ; 80         ; 4        ; GND*           ;        ;              ;           ; Column I/O ;                 ; no       ; Off          ;
; 54       ;            ;          ; GNDINT         ; gnd    ;              ;           ; --         ;                 ; --       ; --           ;
; 55       ; 81         ; 4        ; GND*           ;        ;              ;           ; Column I/O ;                 ; no       ; Off          ;
; 56       ;            ;          ; VCCINT         ; power  ;              ; 2.5V/3.3V ; --         ;                 ; --       ; --           ;
; 57       ; 82         ; 4        ; GND*           ;        ;              ;           ; Column I/O ;                 ; no       ; Off          ;
; 58       ; 83         ; 4        ; GND*           ;        ;              ;           ; Column I/O ;                 ; no       ; Off          ;
; 59       ; 84         ; 4        ; GND*           ;        ;              ;           ; Column I/O ;                 ; no       ; Off          ;
; 60       ; 85         ; 4        ; GND*           ;        ;              ;           ; Column I/O ;                 ; no       ; Off          ;
; 61       ; 86         ; 4        ; rst            ; input  ; 3.3-V LVTTL  ;           ; Column I/O ; Y               ; no       ; Off          ;
; 62       ; 87         ; 4        ; GND*           ;        ;              ;           ; Column I/O ;                 ; no       ; Off          ;
; 63       ; 88         ; 4        ; GND*           ;        ;              ;           ; Column I/O ;                 ; no       ; Off          ;
; 64       ;            ; 4        ; VCCIO4         ; power  ;              ; 3.3V      ; --         ;                 ; --       ; --           ;
; 65       ;            ;          ; GNDIO          ; gnd    ;              ;           ; --         ;                 ; --       ; --           ;
; 66       ; 91         ; 4        ; GND*           ;        ;              ;           ; Column I/O ;                 ; no       ; Off          ;
; 67       ; 92         ; 4        ; GND*           ;        ;              ;           ; Column I/O ;                 ; no       ; Off          ;
; 68       ; 95         ; 4        ; GND*           ;        ;              ;           ; Column I/O ;                 ; no       ; Off          ;
; 69       ; 98         ; 4        ; GND*           ;        ;              ;           ; Column I/O ;                 ; no       ; Off          ;
; 70       ; 101        ; 4        ; GND*           ;        ;              ;           ; Column I/O ;                 ; no       ; Off          ;
; 71       ; 104        ; 4        ; GND*           ;        ;              ;           ; Column I/O ;                 ; no       ; Off          ;
; 72       ; 107        ; 4        ; GND*           ;        ;              ;           ; Column I/O ;                 ; no       ; Off          ;
; 73       ; 111        ; 3        ; GND*           ;        ;              ;           ; Row I/O    ;                 ; no       ; Off          ;
; 74       ; 112        ; 3        ; GND*           ;        ;              ;           ; Row I/O    ;                 ; no       ; Off          ;
; 75       ; 113        ; 3        ; GND*           ;        ;              ;           ; Row I/O    ;                 ; no       ; Off          ;
; 76       ; 115        ; 3        ; GND*           ;        ;              ;           ; Row I/O    ;                 ; no       ; Off          ;
; 77       ; 118        ; 3        ; GND*           ;        ;              ;           ; Row I/O    ;                 ; no       ; Off          ;
; 78       ; 122        ; 3        ; GND*           ;        ;              ;           ; Row I/O    ;                 ; no       ; Off          ;
; 79       ; 123        ; 3        ; GND*           ;        ;              ;           ; Row I/O    ;                 ; no       ; Off          ;
; 80       ; 124        ; 3        ; GND*           ;        ;              ;           ; Row I/O    ;                 ; no       ; Off          ;
; 81       ; 127        ; 3        ; GND*           ;        ;              ;           ; Row I/O    ;                 ; no       ; Off          ;
; 82       ;            ; 3        ; VCCIO3         ; power  ;              ; 3.3V      ; --         ;                 ; --       ; --           ;
; 83       ;            ;          ; GNDIO          ; gnd    ;              ;           ; --         ;                 ; --       ; --           ;
; 84       ; 129        ; 3        ; GND*           ;        ;              ;           ; Row I/O    ;                 ; no       ; Off          ;
; 85       ; 130        ; 3        ; GND*           ;        ;              ;           ; Row I/O    ;                 ; no       ; Off          ;
; 86       ; 131        ; 3        ; GND*           ;        ;              ;           ; Row I/O    ;                 ; no       ; Off          ;
; 87       ; 132        ; 3        ; GND*           ;        ;              ;           ; Row I/O    ;                 ; no       ; Off          ;
; 88       ; 133        ; 3        ; GND*           ;        ;              ;           ; Row I/O    ;                 ; no       ; Off          ;
; 89       ; 134        ; 3        ; GND*           ;        ;              ;           ; Row I/O    ;                 ; no       ; Off          ;
; 90       ;            ;          ; VCCINT         ; power  ;              ; 2.5V/3.3V ; --         ;                 ; --       ; --           ;
; 91       ; 135        ; 3        ; GND*           ;        ;              ;           ; Row I/O    ;                 ; no       ; Off          ;
; 92       ;            ;          ; GNDINT         ; gnd    ;              ;           ; --         ;                 ; --       ; --           ;
; 93       ; 136        ; 3        ; GND*           ;        ;              ;           ; Row I/O    ;                 ; no       ; Off          ;
; 94       ; 137        ; 3        ; GND*           ;        ;              ;           ; Row I/O    ;                 ; no       ; Off          ;
; 95       ; 138        ; 3        ; GND*           ;        ;              ;           ; Row I/O    ;                 ; no       ; Off          ;
; 96       ; 139        ; 3        ; GND*           ;        ;              ;           ; Row I/O    ;                 ; no       ; Off          ;
; 97       ; 140        ; 3        ; GND*           ;        ;              ;           ; Row I/O    ;                 ; no       ; Off          ;
; 98       ; 141        ; 3        ; GND*           ;        ;              ;           ; Row I/O    ;                 ; no       ; Off          ;
; 99       ;            ;          ; GNDIO          ; gnd    ;              ;           ; --         ;                 ; --       ; --           ;
; 100      ;            ; 3        ; VCCIO3         ; power  ;              ; 3.3V      ; --         ;                 ; --       ; --           ;
; 101      ; 142        ; 3        ; GND*           ;        ;              ;           ; Row I/O    ;                 ; no       ; Off          ;
; 102      ; 146        ; 3        ; GND*           ;        ;              ;           ; Row I/O    ;                 ; no       ; Off          ;
; 103      ; 147        ; 3        ; GND*           ;        ;              ;           ; Row I/O    ;                 ; no       ; Off          ;
; 104      ; 151        ; 3        ; GND*           ;        ;              ;           ; Row I/O    ;                 ; no       ; Off          ;
; 105      ; 152        ; 3        ; GND*           ;        ;              ;           ; Row I/O    ;                 ; no       ; Off          ;
; 106      ; 154        ; 3        ; GND*           ;        ;              ;           ; Row I/O    ;                 ; no       ; Off          ;
; 107      ; 156        ; 3        ; GND*           ;        ;              ;           ; Row I/O    ;                 ; no       ; Off          ;
; 108      ; 158        ; 3        ; GND*           ;        ;              ;           ; Row I/O    ;                 ; no       ; Off          ;
; 109      ; 164        ; 2        ; GND*           ;        ;              ;           ; Column I/O ;                 ; no       ; Off          ;
; 110      ; 165        ; 2        ; GND*           ;        ;              ;           ; Column I/O ;                 ; no       ; Off          ;
; 111      ; 166        ; 2        ; GND*           ;        ;              ;           ; Column I/O ;                 ; no       ; Off          ;
; 112      ; 171        ; 2        ; GND*           ;        ;              ;           ; Column I/O ;                 ; no       ; Off          ;
; 113      ; 174        ; 2        ; GND*           ;        ;              ;           ; Column I/O ;                 ; no       ; Off          ;
; 114      ; 177        ; 2        ; GND*           ;        ;              ;           ; Column I/O ;                 ; no       ; Off          ;
; 115      ;            ;          ; GNDIO          ; gnd    ;              ;           ; --         ;                 ; --       ; --           ;
; 116      ;            ; 2        ; VCCIO2         ; power  ;              ; 3.3V      ; --         ;                 ; --       ; --           ;
; 117      ; 180        ; 2        ; GND*           ;        ;              ;           ; Column I/O ;                 ; no       ; Off          ;
; 118      ; 181        ; 2        ; GND*           ;        ;              ;           ; Column I/O ;                 ; no       ; Off          ;
; 119      ; 182        ; 2        ; GND*           ;        ;              ;           ; Column I/O ;                 ; no       ; Off          ;
; 120      ; 183        ; 2        ; GND*           ;        ;              ;           ; Column I/O ;                 ; no       ; Off          ;
; 121      ; 184        ; 2        ; GND*           ;        ;              ;           ; Column I/O ;                 ; no       ; Off          ;
; 122      ; 185        ; 2        ; mouse          ; input  ; 3.3-V LVTTL  ;           ; Column I/O ; Y               ; no       ; Off          ;
; 123      ; 186        ; 2        ; dog            ; input  ; 3.3-V LVTTL  ;           ; Column I/O ; Y               ; no       ; Off          ;
; 124      ; 187        ; 2        ; cat            ; input  ; 3.3-V LVTTL  ;           ; Column I/O ; Y               ; no       ; Off          ;
; 125      ; 188        ; 2        ; GND*           ;        ;              ;           ; Column I/O ;                 ; no       ; Off          ;
; 126      ;            ;          ; VCCINT         ; power  ;              ; 2.5V/3.3V ; --         ;                 ; --       ; --           ;
; 127      ; 189        ; 2        ; off            ; input  ; 3.3-V LVTTL  ;           ; Column I/O ; Y               ; no       ; Off          ;
; 128      ;            ;          ; GNDINT         ; gnd    ;              ;           ; --         ;                 ; --       ; --           ;
; 129      ; 190        ; 2        ; GND*           ;        ;              ;           ; Column I/O ;                 ; no       ; Off          ;
; 130      ; 191        ; 2        ; GND*           ;        ;              ;           ; Column I/O ;                 ; no       ; Off          ;
; 131      ; 192        ; 2        ; GND*           ;        ;              ;           ; Column I/O ;                 ; no       ; Off          ;
; 132      ; 193        ; 2        ; GND*           ;        ;              ;           ; Column I/O ;                 ; no       ; Off          ;
; 133      ; 194        ; 2        ; GND*           ;        ;              ;           ; Column I/O ;                 ; no       ; Off          ;
; 134      ; 195        ; 2        ; GND*           ;        ;              ;           ; Column I/O ;                 ; no       ; Off          ;
; 135      ;            ;          ; GNDIO          ; gnd    ;              ;           ; --         ;                 ; --       ; --           ;
; 136      ;            ; 2        ; VCCIO2         ; power  ;              ; 3.3V      ; --         ;                 ; --       ; --           ;
; 137      ; 199        ; 2        ; GND*           ;        ;              ;           ; Column I/O ;                 ; no       ; Off          ;
; 138      ; 200        ; 2        ; GND*           ;        ;              ;           ; Column I/O ;                 ; no       ; Off          ;
; 139      ; 201        ; 2        ; GND*           ;        ;              ;           ; Column I/O ;                 ; no       ; Off          ;
; 140      ; 204        ; 2        ; GND*           ;        ;              ;           ; Column I/O ;                 ; no       ; Off          ;
; 141      ; 205        ; 2        ; GND*           ;        ;              ;           ; Column I/O ;                 ; no       ; Off          ;
; 142      ; 208        ; 2        ; GND*           ;        ;              ;           ; Column I/O ;                 ; no       ; Off          ;
; 143      ; 212        ; 2        ; GND*           ;        ;              ;           ; Column I/O ;                 ; no       ; Off          ;
; 144      ; 215        ; 2        ; GND*           ;        ;              ;           ; Column I/O ;                 ; no       ; Off          ;
+----------+------------+----------+----------------+--------+--------------+-----------+------------+-----------------+----------+--------------+
Note: Pin directions (input, output or bidir) are based on device operating in user mode.


+-------------------------------------------------------------+
; Output Pin Default Load For Reported TCO                    ;
+----------------------------+-------+------------------------+
; I/O Standard               ; Load  ; Termination Resistance ;
+----------------------------+-------+------------------------+
; 3.3-V LVTTL                ; 10 pF ; Not Available          ;
; 3.3-V LVCMOS               ; 10 pF ; Not Available          ;
; 2.5 V                      ; 10 pF ; Not Available          ;
; 1.8 V                      ; 10 pF ; Not Available          ;
; 1.5 V                      ; 10 pF ; Not Available          ;
; 3.3V Schmitt Trigger Input ; 10 pF ; Not Available          ;
; 2.5V Schmitt Trigger Input ; 10 pF ; Not Available          ;
; 3.3-V PCI                  ; 10 pF ; 25 Ohm (Parallel)      ;
+----------------------------+-------+------------------------+
Note: User assignments will override these defaults. The user specified values are listed in the Output Pins and Bidir Pins tables.


+---------------------------------------------------------------------------------------------------------------------------------------------------------------------------------------------------------------------------------------------------+
; Fitter Resource Utilization by Entity                                                                                                                                                                                                             ;
+-------------------------------+-------------+--------------+------------+------+--------------+--------------+-------------------+------------------+-----------------+------------+-----------------------------------------------+--------------+
; Compilation Hierarchy Node    ; Logic Cells ; LC Registers ; UFM Blocks ; Pins ; Virtual Pins ; LUT-Only LCs ; Register-Only LCs ; LUT/Register LCs ; Carry Chain LCs ; Packed LCs ; Full Hierarchy Name                           ; Library Name ;
+-------------------------------+-------------+--------------+------------+------+--------------+--------------+-------------------+------------------+-----------------+------------+-----------------------------------------------+--------------+
; |animation                    ; 107 (24)    ; 50           ; 0          ; 30   ; 0            ; 57 (9)       ; 7 (1)             ; 43 (14)          ; 19 (0)          ; 10 (1)     ; |animation                                    ; work         ;
;    |divide1:u2|               ; 23 (23)     ; 11           ; 0          ; 0    ; 0            ; 12 (12)      ; 2 (2)             ; 9 (9)            ; 10 (10)         ; 2 (2)      ; |animation|divide1:u2                         ; work         ;
;    |dotmatric:u1|             ; 60 (0)      ; 24           ; 0          ; 0    ; 0            ; 36 (0)       ; 4 (0)             ; 20 (0)           ; 9 (0)           ; 7 (0)      ; |animation|dotmatric:u1                       ; work         ;
;       |bicolor_dot_matrix:u2| ; 21 (21)     ; 0            ; 0          ; 0    ; 0            ; 21 (21)      ; 0 (0)             ; 0 (0)            ; 0 (0)           ; 5 (5)      ; |animation|dotmatric:u1|bicolor_dot_matrix:u2 ; work         ;
;       |changemode:u3|         ; 16 (16)     ; 12           ; 0          ; 0    ; 0            ; 4 (4)        ; 0 (0)             ; 12 (12)          ; 0 (0)           ; 0 (0)      ; |animation|dotmatric:u1|changemode:u3         ; work         ;
;       |cnt8:u1|               ; 3 (3)       ; 3            ; 0          ; 0    ; 0            ; 0 (0)        ; 0 (0)             ; 3 (3)            ; 0 (0)           ; 0 (0)      ; |animation|dotmatric:u1|cnt8:u1               ; work         ;
;       |divide:u4|             ; 20 (20)     ; 9            ; 0          ; 0    ; 0            ; 11 (11)      ; 4 (4)             ; 5 (5)            ; 9 (9)           ; 2 (2)      ; |animation|dotmatric:u1|divide:u4             ; work         ;
+-------------------------------+-------------+--------------+------------+------+--------------+--------------+-------------------+------------------+-----------------+------------+-----------------------------------------------+--------------+
Note: For table entries with two numbers listed, the numbers in parentheses indicate the number of resources of the given type used by the specific entity alone. The numbers listed outside of parentheses indicate the total resources of the given type used by the specific entity and all of its sub-entities in the hierarchy.


+------------------------------------+
; Delay Chain Summary                ;
+---------+----------+---------------+
; Name    ; Pin Type ; Pad to Core 0 ;
+---------+----------+---------------+
; off     ; Input    ; (0)           ;
; clk1khz ; Input    ; (0)           ;
; rst     ; Input    ; (0)           ;
; dog     ; Input    ; (0)           ;
; mouse   ; Input    ; (0)           ;
; cat     ; Input    ; (0)           ;
; r[0]    ; Output   ; --            ;
; r[1]    ; Output   ; --            ;
; r[2]    ; Output   ; --            ;
; r[3]    ; Output   ; --            ;
; r[4]    ; Output   ; --            ;
; r[5]    ; Output   ; --            ;
; r[6]    ; Output   ; --            ;
; r[7]    ; Output   ; --            ;
; g[0]    ; Output   ; --            ;
; g[1]    ; Output   ; --            ;
; g[2]    ; Output   ; --            ;
; g[3]    ; Output   ; --            ;
; g[4]    ; Output   ; --            ;
; g[5]    ; Output   ; --            ;
; g[6]    ; Output   ; --            ;
; g[7]    ; Output   ; --            ;
; row[0]  ; Output   ; --            ;
; row[1]  ; Output   ; --            ;
; row[2]  ; Output   ; --            ;
; row[3]  ; Output   ; --            ;
; row[4]  ; Output   ; --            ;
; row[5]  ; Output   ; --            ;
; row[6]  ; Output   ; --            ;
; row[7]  ; Output   ; --            ;
+---------+----------+---------------+


+-----------------------------------------------------------------------------------------------------------------------------------+
; Control Signals                                                                                                                   ;
+---------------------------------------+---------------+---------+--------------+--------+----------------------+------------------+
; Name                                  ; Location      ; Fan-Out ; Usage        ; Global ; Global Resource Used ; Global Line Name ;
+---------------------------------------+---------------+---------+--------------+--------+----------------------+------------------+
; always0~0                             ; LC_X9_Y10_N4  ; 11      ; Async. clear ; no     ; --                   ; --               ;
; ani[1]~0                              ; LC_X9_Y10_N5  ; 2       ; Clock enable ; no     ; --                   ; --               ;
; ani[1]~1                              ; LC_X9_Y10_N9  ; 1       ; Async. clear ; no     ; --                   ; --               ;
; animal~14                             ; LC_X10_Y10_N1 ; 14      ; Async. clear ; no     ; --                   ; --               ;
; animal~15                             ; LC_X9_Y10_N7  ; 4       ; Clock enable ; no     ; --                   ; --               ;
; clk1khz                               ; PIN_18        ; 29      ; Clock        ; yes    ; Global Clock         ; GCLK0            ;
; divide1:u2|clkp                       ; LC_X6_Y7_N1   ; 9       ; Clock        ; yes    ; Global Clock         ; GCLK1            ;
; dotmatric:u1|changemode:u3|cat[7]~0   ; LC_X8_Y5_N6   ; 4       ; Clock enable ; no     ; --                   ; --               ;
; dotmatric:u1|changemode:u3|dog[7]~0   ; LC_X8_Y6_N8   ; 4       ; Clock enable ; no     ; --                   ; --               ;
; dotmatric:u1|changemode:u3|mouse[7]~0 ; LC_X8_Y5_N7   ; 4       ; Clock enable ; no     ; --                   ; --               ;
; dotmatric:u1|cnt8:u1|cnt[1]           ; LC_X6_Y8_N1   ; 16      ; Clock enable ; no     ; --                   ; --               ;
; dotmatric:u1|divide:u4|clkp           ; LC_X11_Y8_N8  ; 12      ; Clock        ; yes    ; Global Clock         ; GCLK3            ;
; enmove                                ; LC_X10_Y10_N2 ; 9       ; Clock enable ; no     ; --                   ; --               ;
; off                                   ; PIN_127       ; 20      ; Latch enable ; yes    ; Global Clock         ; GCLK2            ;
; rst                                   ; PIN_61        ; 16      ; Async. clear ; no     ; --                   ; --               ;
+---------------------------------------+---------------+---------+--------------+--------+----------------------+------------------+


+------------------------------------------------------------------------------------------------+
; Global & Other Fast Signals                                                                    ;
+-----------------------------+--------------+---------+----------------------+------------------+
; Name                        ; Location     ; Fan-Out ; Global Resource Used ; Global Line Name ;
+-----------------------------+--------------+---------+----------------------+------------------+
; clk1khz                     ; PIN_18       ; 29      ; Global Clock         ; GCLK0            ;
; divide1:u2|clkp             ; LC_X6_Y7_N1  ; 9       ; Global Clock         ; GCLK1            ;
; dotmatric:u1|divide:u4|clkp ; LC_X11_Y8_N8 ; 12      ; Global Clock         ; GCLK3            ;
; off                         ; PIN_127      ; 20      ; Global Clock         ; GCLK2            ;
+-----------------------------+--------------+---------+----------------------+------------------+


+------------------------------------------------------+
; Non-Global High Fan-Out Signals                      ;
+--------------------------------------------+---------+
; Name                                       ; Fan-Out ;
+--------------------------------------------+---------+
; rst                                        ; 16      ;
; dotmatric:u1|cnt8:u1|cnt[1]                ; 16      ;
; dotmatric:u1|cnt8:u1|cnt[2]                ; 15      ;
; animal~14                                  ; 14      ;
; dotmatric:u1|cnt8:u1|cnt[0]                ; 14      ;
; always0~0                                  ; 11      ;
; enmove                                     ; 9       ;
; move[0]                                    ; 9       ;
; move[1]                                    ; 9       ;
; movesetr                                   ; 7       ;
; divide1:u2|Equal0~2                        ; 6       ;
; mouse                                      ; 5       ;
; divide1:u2|Add0~37                         ; 5       ;
; dog                                        ; 4       ;
; animal~15                                  ; 4       ;
; dotmatric:u1|divide:u4|Add0~37             ; 4       ;
; dotmatric:u1|divide:u4|cntp[5]             ; 4       ;
; moveset                                    ; 4       ;
; dotmatric:u1|changemode:u3|dog[7]~0        ; 4       ;
; dotmatric:u1|changemode:u3|cat[7]~0        ; 4       ;
; dotmatric:u1|changemode:u3|mouse[7]~0      ; 4       ;
; ani[0]                                     ; 4       ;
; ani[1]                                     ; 4       ;
; dotmatric:u1|bicolor_dot_matrix:u2|Mux15~1 ; 4       ;
; dotmatric:u1|bicolor_dot_matrix:u2|Mux15~0 ; 4       ;
; dotmatric:u1|bicolor_dot_matrix:u2|g[6]    ; 3       ;
; dotmatric:u1|bicolor_dot_matrix:u2|g[4]    ; 3       ;
; dotmatric:u1|bicolor_dot_matrix:u2|g[2]    ; 3       ;
; dotmatric:u1|bicolor_dot_matrix:u2|g[0]    ; 3       ;
; dotmatric:u1|bicolor_dot_matrix:u2|r[6]    ; 3       ;
; dotmatric:u1|bicolor_dot_matrix:u2|r[4]    ; 3       ;
; dotmatric:u1|bicolor_dot_matrix:u2|r[2]    ; 3       ;
; dotmatric:u1|bicolor_dot_matrix:u2|r[0]    ; 3       ;
; mouseisr~0                                 ; 3       ;
; divide1:u2|cntp[4]                         ; 3       ;
; divide1:u2|cntp[3]                         ; 3       ;
; divide1:u2|cntp[9]                         ; 3       ;
; moveset~0                                  ; 3       ;
; dotmatric:u1|divide:u4|cntp[4]             ; 3       ;
; dotmatric:u1|divide:u4|cntp[2]             ; 3       ;
; dotmatric:u1|divide:u4|Equal0~0            ; 3       ;
; dotmatric:u1|changemode:u3|Mux2~0          ; 3       ;
; dotmatric:u1|divide:u4|Add0~0              ; 3       ;
; dotmatric:u1|changemode:u3|mouse[7]        ; 3       ;
; cat                                        ; 2       ;
; divide1:u2|cntp[0]                         ; 2       ;
; divide1:u2|cntp[2]                         ; 2       ;
; movedone                                   ; 2       ;
; dotmatric:u1|divide:u4|Equal0~2            ; 2       ;
; divide1:u2|Equal0~0                        ; 2       ;
+--------------------------------------------+---------+


+--------------------------------------------------+
; Interconnect Usage Summary                       ;
+----------------------------+---------------------+
; Interconnect Resource Type ; Usage               ;
+----------------------------+---------------------+
; C4s                        ; 75 / 2,870 ( 3 % )  ;
; Direct links               ; 43 / 3,938 ( 1 % )  ;
; Global clocks              ; 4 / 4 ( 100 % )     ;
; LAB clocks                 ; 16 / 72 ( 22 % )    ;
; LUT chains                 ; 7 / 1,143 ( < 1 % ) ;
; Local interconnects        ; 173 / 3,938 ( 4 % ) ;
; R4s                        ; 109 / 2,832 ( 4 % ) ;
+----------------------------+---------------------+


+---------------------------------------------------------------------------+
; LAB Logic Elements                                                        ;
+--------------------------------------------+------------------------------+
; Number of Logic Elements  (Average = 5.35) ; Number of LABs  (Total = 20) ;
+--------------------------------------------+------------------------------+
; 1                                          ; 8                            ;
; 2                                          ; 1                            ;
; 3                                          ; 1                            ;
; 4                                          ; 0                            ;
; 5                                          ; 0                            ;
; 6                                          ; 0                            ;
; 7                                          ; 2                            ;
; 8                                          ; 0                            ;
; 9                                          ; 0                            ;
; 10                                         ; 8                            ;
+--------------------------------------------+------------------------------+


+-------------------------------------------------------------------+
; LAB-wide Signals                                                  ;
+------------------------------------+------------------------------+
; LAB-wide Signals  (Average = 1.10) ; Number of LABs  (Total = 20) ;
+------------------------------------+------------------------------+
; 1 Async. clear                     ; 5                            ;
; 1 Clock                            ; 11                           ;
; 1 Clock enable                     ; 2                            ;
; 2 Async. clears                    ; 1                            ;
; 2 Clocks                           ; 3                            ;
+------------------------------------+------------------------------+


+----------------------------------------------------------------------------+
; LAB Signals Sourced                                                        ;
+---------------------------------------------+------------------------------+
; Number of Signals Sourced  (Average = 5.80) ; Number of LABs  (Total = 20) ;
+---------------------------------------------+------------------------------+
; 0                                           ; 0                            ;
; 1                                           ; 8                            ;
; 2                                           ; 1                            ;
; 3                                           ; 1                            ;
; 4                                           ; 0                            ;
; 5                                           ; 0                            ;
; 6                                           ; 0                            ;
; 7                                           ; 1                            ;
; 8                                           ; 1                            ;
; 9                                           ; 0                            ;
; 10                                          ; 3                            ;
; 11                                          ; 2                            ;
; 12                                          ; 3                            ;
+---------------------------------------------+------------------------------+


+--------------------------------------------------------------------------------+
; LAB Signals Sourced Out                                                        ;
+-------------------------------------------------+------------------------------+
; Number of Signals Sourced Out  (Average = 4.50) ; Number of LABs  (Total = 20) ;
+-------------------------------------------------+------------------------------+
; 0                                               ; 0                            ;
; 1                                               ; 8                            ;
; 2                                               ; 1                            ;
; 3                                               ; 2                            ;
; 4                                               ; 0                            ;
; 5                                               ; 3                            ;
; 6                                               ; 0                            ;
; 7                                               ; 0                            ;
; 8                                               ; 0                            ;
; 9                                               ; 2                            ;
; 10                                              ; 3                            ;
; 11                                              ; 1                            ;
+-------------------------------------------------+------------------------------+


+----------------------------------------------------------------------------+
; LAB Distinct Inputs                                                        ;
+---------------------------------------------+------------------------------+
; Number of Distinct Inputs  (Average = 6.95) ; Number of LABs  (Total = 20) ;
+---------------------------------------------+------------------------------+
; 0                                           ; 0                            ;
; 1                                           ; 0                            ;
; 2                                           ; 8                            ;
; 3                                           ; 1                            ;
; 4                                           ; 0                            ;
; 5                                           ; 1                            ;
; 6                                           ; 1                            ;
; 7                                           ; 0                            ;
; 8                                           ; 1                            ;
; 9                                           ; 0                            ;
; 10                                          ; 3                            ;
; 11                                          ; 0                            ;
; 12                                          ; 2                            ;
; 13                                          ; 0                            ;
; 14                                          ; 2                            ;
; 15                                          ; 0                            ;
; 16                                          ; 0                            ;
; 17                                          ; 0                            ;
; 18                                          ; 0                            ;
; 19                                          ; 1                            ;
+---------------------------------------------+------------------------------+


+-------------------------------------------------------------------------+
; Fitter Device Options                                                   ;
+----------------------------------------------+--------------------------+
; Option                                       ; Setting                  ;
+----------------------------------------------+--------------------------+
; Enable user-supplied start-up clock (CLKUSR) ; Off                      ;
; Enable device-wide reset (DEV_CLRn)          ; Off                      ;
; Enable device-wide output enable (DEV_OE)    ; Off                      ;
; Enable INIT_DONE output                      ; Off                      ;
; Configuration scheme                         ; Passive Serial           ;
; Reserve all unused pins                      ; As output driving ground ;
; Base pin-out file on sameframe device        ; Off                      ;
+----------------------------------------------+--------------------------+


+------------------------------------------------------------+
; Estimated Delay Added for Hold Timing                      ;
+-----------------+----------------------+-------------------+
; Source Clock(s) ; Destination Clock(s) ; Delay Added in ns ;
+-----------------+----------------------+-------------------+
; clk1khz         ; clk1khz              ; 0.26212           ;
+-----------------+----------------------+-------------------+
Note: For more information on problematic transfers, consider running the Fitter again with the Optimize hold timing option (Settings Menu) turned off.
This will disable optimization of problematic paths and expose them for further analysis using either the TimeQuest Timing Analyzer or the Classic Timing Analyzer.


+-----------------+
; Fitter Messages ;
+-----------------+
Info: *******************************************************************
Info: Running Quartus II 64-Bit Fitter
    Info: Version 9.1 Build 222 10/21/2009 SJ Full Version
    Info: Processing started: Tue Nov 22 10:13:28 2022
Info: Command: quartus_fit --read_settings_files=off --write_settings_files=off animation -c animation
Info: Parallel compilation is enabled and will use 8 of the 8 processors detected
Info: Selected device EPM1270T144C5 for design "animation"
Info: Low junction temperature is 0 degrees C
Info: High junction temperature is 85 degrees C
Info: Fitter is performing an Auto Fit compilation, which may decrease Fitter effort to reduce compilation time
Info: Device migration not selected. If you intend to use device migration later, you may need to change the pin assignments as they may be incompatible with other devices
    Info: Device EPM570T144C5 is compatible
    Info: Device EPM570T144I5 is compatible
    Info: Device EPM570T144A5 is compatible
    Info: Device EPM1270T144I5 is compatible
    Info: Device EPM1270T144A5 is compatible
Info: Timing-driven compilation is using the Classic Timing Analyzer
Info: Timing requirements not specified -- optimizing circuit to achieve the following default global requirements
    Info: Assuming a global fmax requirement of 1000 MHz
    Info: Assuming a global tsu requirement of 2.0 ns
    Info: Assuming a global tco requirement of 1.0 ns
    Info: Assuming a global tpd requirement of 1.0 ns
Info: Completed User Assigned Global Signals Promotion Operation
Info: Automatically promoted signal "clk1khz" to use Global clock in PIN 18
Info: Automatically promoted signal "dotmatric:u1|divide:u4|clkp" to use Global clock
Info: Automatically promoted signal "divide1:u2|clkp" to use Global clock
Info: Automatically promoted some destinations of signal "off" to use Global clock
    Info: Destination "dotmatric:u1|bicolor_dot_matrix:u2|row[0]~0" may be non-global or may not use global clock
    Info: Destination "dotmatric:u1|bicolor_dot_matrix:u2|row[1]~1" may be non-global or may not use global clock
    Info: Destination "dotmatric:u1|bicolor_dot_matrix:u2|row[2]~2" may be non-global or may not use global clock
    Info: Destination "dotmatric:u1|bicolor_dot_matrix:u2|row[3]~3" may be non-global or may not use global clock
    Info: Destination "dotmatric:u1|bicolor_dot_matrix:u2|row[4]~4" may be non-global or may not use global clock
    Info: Destination "dotmatric:u1|bicolor_dot_matrix:u2|row[5]~5" may be non-global or may not use global clock
    Info: Destination "dotmatric:u1|bicolor_dot_matrix:u2|row[6]~6" may be non-global or may not use global clock
    Info: Destination "dotmatric:u1|bicolor_dot_matrix:u2|row[7]~7" may be non-global or may not use global clock
    Info: Destination "always0~0" may be non-global or may not use global clock
    Info: Destination "ani[1]~0" may be non-global or may not use global clock
    Info: Limited to 10 non-global destinations
Info: Pin "off" drives global clock, but is not placed in a dedicated clock pin position
Info: Completed Auto Global Promotion Operation
Info: Starting register packing
Info: Fitter is using Normal packing mode for logic elements with Auto setting for Auto Packed Registers logic option
Info: Started processing fast register assignments
Info: Finished processing fast register assignments
Info: Finished register packing
Info: Fitter preparation operations ending: elapsed time is 00:00:00
Info: Fitter placement preparation operations beginning
Info: Fitter placement preparation operations ending: elapsed time is 00:00:00
Info: Fitter placement operations beginning
Info: Fitter placement was successful
Info: Fitter placement operations ending: elapsed time is 00:00:00
Info: Estimated most critical path is register to pin delay of 5.245 ns
    Info: 1: + IC(0.000 ns) + CELL(0.000 ns) = 0.000 ns; Loc. = LAB_X8_Y5; Fanout = 2; REG Node = 'dotmatric:u1|bicolor_dot_matrix:u2|r[0]'
    Info: 2: + IC(2.923 ns) + CELL(2.322 ns) = 5.245 ns; Loc. = PIN_11; Fanout = 0; PIN Node = 'r[0]'
    Info: Total cell delay = 2.322 ns ( 44.27 % )
    Info: Total interconnect delay = 2.923 ns ( 55.73 % )
Info: Fitter routing operations beginning
Info: Average interconnect usage is 3% of the available device resources
    Info: Peak interconnect usage is 5% of the available device resources in the region that extends from location X0_Y0 to location X8_Y11
Info: Fitter routing operations ending: elapsed time is 00:00:00
Info: The Fitter performed an Auto Fit compilation.  Optimizations were skipped to reduce compilation time.
    Info: Optimizations that may affect the design's routability were skipped
    Info: Optimizations that may affect the design's timing were skipped
Warning: The Reserve All Unused Pins setting has not been specified, and will default to 'As output driving ground'.
Info: Generated suppressed messages file C:/Users/PYashmed/Desktop/CDAR/animation/animation.fit.smsg
Info: Quartus II 64-Bit Fitter was successful. 0 errors, 1 warning
    Info: Peak virtual memory: 4507 megabytes
    Info: Processing ended: Tue Nov 22 10:13:29 2022
    Info: Elapsed time: 00:00:01
    Info: Total CPU time (on all processors): 00:00:01


+----------------------------+
; Fitter Suppressed Messages ;
+----------------------------+
The suppressed messages can be found in C:/Users/PYashmed/Desktop/CDAR/animation/animation.fit.smsg.


