Analysis & Synthesis report for animation
Mon Nov 21 11:54:21 2022
Quartus II 64-Bit Version 9.1 Build 222 10/21/2009 SJ Full Version


---------------------
; Table of Contents ;
---------------------
  1. Legal Notice
  2. Analysis & Synthesis Summary
  3. Analysis & Synthesis Settings
  4. Parallel Compilation
  5. Analysis & Synthesis Source Files Read
  6. Analysis & Synthesis Resource Usage Summary
  7. Analysis & Synthesis Resource Utilization by Entity
  8. State Machine - |animation|animal
  9. User-Specified and Inferred Latches
 10. Registers Removed During Synthesis
 11. General Register Statistics
 12. Inverted Register Statistics
 13. Multiplexer Restructuring Statistics (Restructuring Performed)
 14. Parameter Settings for User Entity Instance: dotmatric:u1|divide:u4
 15. Parameter Settings for User Entity Instance: divide:u2
 16. Analysis & Synthesis Messages



----------------
; Legal Notice ;
----------------
Copyright (C) 1991-2009 Altera Corporation
Your use of Altera Corporation's design tools, logic functions 
and other software and tools, and its AMPP partner logic 
functions, and any output files from any of the foregoing 
(including device programming or simulation files), and any 
associated documentation or information are expressly subject 
to the terms and conditions of the Altera Program License 
Subscription Agreement, Altera MegaCore Function License 
Agreement, or other applicable license agreement, including, 
without limitation, that your use is for the sole purpose of 
programming logic devices manufactured by Altera and sold by 
Altera or its authorized distributors.  Please refer to the 
applicable agreement for further details.



+------------------------------------------------------------------------+
; Analysis & Synthesis Summary                                           ;
+-----------------------------+------------------------------------------+
; Analysis & Synthesis Status ; Successful - Mon Nov 21 11:54:21 2022    ;
; Quartus II 64-Bit Version   ; 9.1 Build 222 10/21/2009 SJ Full Version ;
; Revision Name               ; animation                                ;
; Top-level Entity Name       ; animation                                ;
; Family                      ; MAX II                                   ;
; Total logic elements        ; 117                                      ;
; Total pins                  ; 30                                       ;
; Total virtual pins          ; 0                                        ;
; UFM blocks                  ; 0 / 1 ( 0 % )                            ;
+-----------------------------+------------------------------------------+


+----------------------------------------------------------------------------------------------------------------------+
; Analysis & Synthesis Settings                                                                                        ;
+----------------------------------------------------------------------------+--------------------+--------------------+
; Option                                                                     ; Setting            ; Default Value      ;
+----------------------------------------------------------------------------+--------------------+--------------------+
; Device                                                                     ; EPM1270T144C5      ;                    ;
; Top-level entity name                                                      ; animation          ; animation          ;
; Family name                                                                ; MAX II             ; Stratix II         ;
; Use Generated Physical Constraints File                                    ; Off                ;                    ;
; Use smart compilation                                                      ; Off                ; Off                ;
; Enable parallel Assembler and TimeQuest Timing Analyzer during compilation ; On                 ; On                 ;
; Enable compact report table                                                ; Off                ; Off                ;
; Restructure Multiplexers                                                   ; Auto               ; Auto               ;
; Create Debugging Nodes for IP Cores                                        ; Off                ; Off                ;
; Preserve fewer node names                                                  ; On                 ; On                 ;
; Disable OpenCore Plus hardware evaluation                                  ; Off                ; Off                ;
; Verilog Version                                                            ; Verilog_2001       ; Verilog_2001       ;
; VHDL Version                                                               ; VHDL_1993          ; VHDL_1993          ;
; State Machine Processing                                                   ; Auto               ; Auto               ;
; Safe State Machine                                                         ; Off                ; Off                ;
; Extract Verilog State Machines                                             ; On                 ; On                 ;
; Extract VHDL State Machines                                                ; On                 ; On                 ;
; Ignore Verilog initial constructs                                          ; Off                ; Off                ;
; Iteration limit for constant Verilog loops                                 ; 5000               ; 5000               ;
; Iteration limit for non-constant Verilog loops                             ; 250                ; 250                ;
; Add Pass-Through Logic to Inferred RAMs                                    ; On                 ; On                 ;
; Parallel Synthesis                                                         ; On                 ; On                 ;
; NOT Gate Push-Back                                                         ; On                 ; On                 ;
; Power-Up Don't Care                                                        ; On                 ; On                 ;
; Remove Redundant Logic Cells                                               ; Off                ; Off                ;
; Remove Duplicate Registers                                                 ; On                 ; On                 ;
; Ignore CARRY Buffers                                                       ; Off                ; Off                ;
; Ignore CASCADE Buffers                                                     ; Off                ; Off                ;
; Ignore GLOBAL Buffers                                                      ; Off                ; Off                ;
; Ignore ROW GLOBAL Buffers                                                  ; Off                ; Off                ;
; Ignore LCELL Buffers                                                       ; Off                ; Off                ;
; Ignore SOFT Buffers                                                        ; On                 ; On                 ;
; Limit AHDL Integers to 32 Bits                                             ; Off                ; Off                ;
; Optimization Technique                                                     ; Balanced           ; Balanced           ;
; Carry Chain Length                                                         ; 70                 ; 70                 ;
; Auto Carry Chains                                                          ; On                 ; On                 ;
; Auto Open-Drain Pins                                                       ; On                 ; On                 ;
; Perform WYSIWYG Primitive Resynthesis                                      ; Off                ; Off                ;
; Auto Shift Register Replacement                                            ; Auto               ; Auto               ;
; Auto Clock Enable Replacement                                              ; On                 ; On                 ;
; Allow Synchronous Control Signals                                          ; On                 ; On                 ;
; Force Use of Synchronous Clear Signals                                     ; Off                ; Off                ;
; Auto Resource Sharing                                                      ; Off                ; Off                ;
; Use LogicLock Constraints during Resource Balancing                        ; On                 ; On                 ;
; Ignore translate_off and synthesis_off directives                          ; Off                ; Off                ;
; Show Parameter Settings Tables in Synthesis Report                         ; On                 ; On                 ;
; Ignore Maximum Fan-Out Assignments                                         ; Off                ; Off                ;
; Synchronization Register Chain Length                                      ; 2                  ; 2                  ;
; PowerPlay Power Optimization                                               ; Normal compilation ; Normal compilation ;
; HDL message level                                                          ; Level2             ; Level2             ;
; Suppress Register Optimization Related Messages                            ; Off                ; Off                ;
; Number of Removed Registers Reported in Synthesis Report                   ; 100                ; 100                ;
; Number of Inverted Registers Reported in Synthesis Report                  ; 100                ; 100                ;
; Clock MUX Protection                                                       ; On                 ; On                 ;
; Block Design Naming                                                        ; Auto               ; Auto               ;
; Synthesis Effort                                                           ; Auto               ; Auto               ;
; Shift Register Replacement - Allow Asynchronous Clear Signal               ; On                 ; On                 ;
; Analysis & Synthesis Message Level                                         ; Medium             ; Medium             ;
; Disable Register Merging Across Hierarchies                                ; Auto               ; Auto               ;
+----------------------------------------------------------------------------+--------------------+--------------------+


+------------------------------------------+
; Parallel Compilation                     ;
+----------------------------+-------------+
; Processors                 ; Number      ;
+----------------------------+-------------+
; Number detected on machine ; 8           ;
; Maximum allowed            ; 8           ;
;                            ;             ;
; Average used               ; 1.00        ;
; Maximum used               ; 1           ;
;                            ;             ;
; Usage by Processor         ; % Time Used ;
;     1 processor            ; 100.0%      ;
;     2-8 processors         ;   0.0%      ;
+----------------------------+-------------+


+------------------------------------------------------------------------------------------------------------------------------------+
; Analysis & Synthesis Source Files Read                                                                                             ;
+----------------------------------+-----------------+------------------------+------------------------------------------------------+
; File Name with User-Entered Path ; Used in Netlist ; File Type              ; File Name with Absolute Path                         ;
+----------------------------------+-----------------+------------------------+------------------------------------------------------+
; animation.v                      ; yes             ; User Verilog HDL File  ; C:/Users/PYashmed/Desktop/CDAR/animation/animation.v ;
+----------------------------------+-----------------+------------------------+------------------------------------------------------+


+-------------------------------------------------------+
; Analysis & Synthesis Resource Usage Summary           ;
+---------------------------------------------+---------+
; Resource                                    ; Usage   ;
+---------------------------------------------+---------+
; Total logic elements                        ; 117     ;
;     -- Combinational with no register       ; 69      ;
;     -- Register only                        ; 18      ;
;     -- Combinational with a register        ; 30      ;
;                                             ;         ;
; Logic element usage by number of LUT inputs ;         ;
;     -- 4 input functions                    ; 40      ;
;     -- 3 input functions                    ; 16      ;
;     -- 2 input functions                    ; 37      ;
;     -- 1 input functions                    ; 5       ;
;     -- 0 input functions                    ; 1       ;
;                                             ;         ;
; Logic elements by mode                      ;         ;
;     -- normal mode                          ; 101     ;
;     -- arithmetic mode                      ; 16      ;
;     -- qfbk mode                            ; 0       ;
;     -- register cascade mode                ; 0       ;
;     -- synchronous clear/load mode          ; 0       ;
;     -- asynchronous clear/load mode         ; 24      ;
;                                             ;         ;
; Total registers                             ; 48      ;
; Total logic cells in carry chains           ; 18      ;
; I/O pins                                    ; 30      ;
; Maximum fan-out node                        ; clk1khz ;
; Maximum fan-out                             ; 27      ;
; Total fan-out                               ; 420     ;
; Average fan-out                             ; 2.86    ;
+---------------------------------------------+---------+


+---------------------------------------------------------------------------------------------------------------------------------------------------------------------------------------------------------------------------------------------------+
; Analysis & Synthesis Resource Utilization by Entity                                                                                                                                                                                               ;
+-------------------------------+-------------+--------------+------------+------+--------------+--------------+-------------------+------------------+-----------------+------------+-----------------------------------------------+--------------+
; Compilation Hierarchy Node    ; Logic Cells ; LC Registers ; UFM Blocks ; Pins ; Virtual Pins ; LUT-Only LCs ; Register-Only LCs ; LUT/Register LCs ; Carry Chain LCs ; Packed LCs ; Full Hierarchy Name                           ; Library Name ;
+-------------------------------+-------------+--------------+------------+------+--------------+--------------+-------------------+------------------+-----------------+------------+-----------------------------------------------+--------------+
; |animation                    ; 117 (26)    ; 48           ; 0          ; 30   ; 0            ; 69 (11)      ; 18 (3)            ; 30 (12)          ; 18 (0)          ; 0 (0)      ; |animation                                    ; work         ;
;    |divide:u2|                ; 22 (22)     ; 9            ; 0          ; 0    ; 0            ; 13 (13)      ; 2 (2)             ; 7 (7)            ; 9 (9)           ; 0 (0)      ; |animation|divide:u2                          ; work         ;
;    |dotmatric:u1|             ; 69 (0)      ; 24           ; 0          ; 0    ; 0            ; 45 (0)       ; 13 (0)            ; 11 (0)           ; 9 (0)           ; 0 (0)      ; |animation|dotmatric:u1                       ; work         ;
;       |bicolor_dot_matrix:u2| ; 26 (26)     ; 0            ; 0          ; 0    ; 0            ; 26 (26)      ; 0 (0)             ; 0 (0)            ; 0 (0)           ; 0 (0)      ; |animation|dotmatric:u1|bicolor_dot_matrix:u2 ; work         ;
;       |changemode:u3|         ; 18 (18)     ; 12           ; 0          ; 0    ; 0            ; 6 (6)        ; 6 (6)             ; 6 (6)            ; 0 (0)           ; 0 (0)      ; |animation|dotmatric:u1|changemode:u3         ; work         ;
;       |cnt8:u1|               ; 3 (3)       ; 3            ; 0          ; 0    ; 0            ; 0 (0)        ; 1 (1)             ; 2 (2)            ; 0 (0)           ; 0 (0)      ; |animation|dotmatric:u1|cnt8:u1               ; work         ;
;       |divide:u4|             ; 22 (22)     ; 9            ; 0          ; 0    ; 0            ; 13 (13)      ; 6 (6)             ; 3 (3)            ; 9 (9)           ; 0 (0)      ; |animation|dotmatric:u1|divide:u4             ; work         ;
+-------------------------------+-------------+--------------+------------+------+--------------+--------------+-------------------+------------------+-----------------+------------+-----------------------------------------------+--------------+
Note: For table entries with two numbers listed, the numbers in parentheses indicate the number of resources of the given type used by the specific entity alone. The numbers listed outside of parentheses indicate the total resources of the given type used by the specific entity and all of its sub-entities in the hierarchy.


Encoding Type:  One-Hot
+-----------------------------------------------------------+
; State Machine - |animation|animal                         ;
+-----------+-----------+-----------+-----------+-----------+
; Name      ; animal.00 ; animal.10 ; animal.01 ; animal.11 ;
+-----------+-----------+-----------+-----------+-----------+
; animal.11 ; 0         ; 0         ; 0         ; 0         ;
; animal.01 ; 0         ; 0         ; 1         ; 1         ;
; animal.10 ; 0         ; 1         ; 0         ; 1         ;
; animal.00 ; 1         ; 0         ; 0         ; 1         ;
+-----------+-----------+-----------+-----------+-----------+


+----------------------------------------------------------------------------------------------------+
; User-Specified and Inferred Latches                                                                ;
+-----------------------------------------------------+---------------------+------------------------+
; Latch Name                                          ; Latch Enable Signal ; Free of Timing Hazards ;
+-----------------------------------------------------+---------------------+------------------------+
; dotmatric:u1|bicolor_dot_matrix:u2|r[0]             ; off                 ; yes                    ;
; dotmatric:u1|bicolor_dot_matrix:u2|r[1]             ; off                 ; yes                    ;
; dotmatric:u1|bicolor_dot_matrix:u2|r[2]             ; off                 ; yes                    ;
; dotmatric:u1|bicolor_dot_matrix:u2|r[3]             ; off                 ; yes                    ;
; dotmatric:u1|bicolor_dot_matrix:u2|r[4]             ; off                 ; yes                    ;
; dotmatric:u1|bicolor_dot_matrix:u2|r[5]             ; off                 ; yes                    ;
; dotmatric:u1|bicolor_dot_matrix:u2|r[6]             ; off                 ; yes                    ;
; dotmatric:u1|bicolor_dot_matrix:u2|r[7]             ; off                 ; yes                    ;
; dotmatric:u1|bicolor_dot_matrix:u2|g[0]             ; off                 ; yes                    ;
; dotmatric:u1|bicolor_dot_matrix:u2|g[1]             ; off                 ; yes                    ;
; dotmatric:u1|bicolor_dot_matrix:u2|g[2]             ; off                 ; yes                    ;
; dotmatric:u1|bicolor_dot_matrix:u2|g[3]             ; off                 ; yes                    ;
; dotmatric:u1|bicolor_dot_matrix:u2|g[4]             ; off                 ; yes                    ;
; dotmatric:u1|bicolor_dot_matrix:u2|g[5]             ; off                 ; yes                    ;
; dotmatric:u1|bicolor_dot_matrix:u2|g[6]             ; off                 ; yes                    ;
; dotmatric:u1|bicolor_dot_matrix:u2|g[7]             ; off                 ; yes                    ;
; Number of user-specified and inferred latches = 16  ;                     ;                        ;
+-----------------------------------------------------+---------------------+------------------------+
Note: All latches listed above may not be present at the end of synthesis due to various synthesis optimizations.


+------------------------------------------------------------------------------------------+
; Registers Removed During Synthesis                                                       ;
+----------------------------------------+-------------------------------------------------+
; Register name                          ; Reason for Removal                              ;
+----------------------------------------+-------------------------------------------------+
; dotmatric:u1|changemode:u3|mouse[1]    ; Merged with dotmatric:u1|changemode:u3|mouse[0] ;
; dotmatric:u1|changemode:u3|cat[6]      ; Merged with dotmatric:u1|changemode:u3|cat[7]   ;
; dotmatric:u1|changemode:u3|cat[4]      ; Merged with dotmatric:u1|changemode:u3|cat[5]   ;
; dotmatric:u1|changemode:u3|cat[2]      ; Merged with dotmatric:u1|changemode:u3|cat[3]   ;
; dotmatric:u1|changemode:u3|cat[0]      ; Merged with dotmatric:u1|changemode:u3|cat[1]   ;
; dotmatric:u1|changemode:u3|dog[6]      ; Merged with dotmatric:u1|changemode:u3|dog[7]   ;
; dotmatric:u1|changemode:u3|dog[4]      ; Merged with dotmatric:u1|changemode:u3|dog[5]   ;
; dotmatric:u1|changemode:u3|dog[2]      ; Merged with dotmatric:u1|changemode:u3|dog[3]   ;
; dotmatric:u1|changemode:u3|dog[0]      ; Merged with dotmatric:u1|changemode:u3|dog[1]   ;
; dotmatric:u1|changemode:u3|mouse[6]    ; Merged with dotmatric:u1|changemode:u3|mouse[7] ;
; dotmatric:u1|changemode:u3|mouse[4]    ; Merged with dotmatric:u1|changemode:u3|mouse[5] ;
; dotmatric:u1|changemode:u3|mouse[2]    ; Merged with dotmatric:u1|changemode:u3|mouse[3] ;
; animal~8                               ; Lost fanout                                     ;
; animal~9                               ; Lost fanout                                     ;
; dotmatric:u1|divide:u4|cntp[0]         ; Merged with dotmatric:u1|cnt8:u1|cnt[0]         ;
; divide:u2|cntp[0]                      ; Merged with dotmatric:u1|cnt8:u1|cnt[0]         ;
; divide:u2|cntp[1]                      ; Merged with dotmatric:u1|cnt8:u1|cnt[1]         ;
; dotmatric:u1|divide:u4|cntp[1]         ; Merged with dotmatric:u1|cnt8:u1|cnt[1]         ;
; Total Number of Removed Registers = 18 ;                                                 ;
+----------------------------------------+-------------------------------------------------+


+------------------------------------------------------+
; General Register Statistics                          ;
+----------------------------------------------+-------+
; Statistic                                    ; Value ;
+----------------------------------------------+-------+
; Total registers                              ; 48    ;
; Number of registers using Synchronous Clear  ; 0     ;
; Number of registers using Synchronous Load   ; 0     ;
; Number of registers using Asynchronous Clear ; 24    ;
; Number of registers using Asynchronous Load  ; 0     ;
; Number of registers using Clock Enable       ; 19    ;
; Number of registers using Preset             ; 0     ;
+----------------------------------------------+-------+


+--------------------------------------------------+
; Inverted Register Statistics                     ;
+----------------------------------------+---------+
; Inverted Register                      ; Fan out ;
+----------------------------------------+---------+
; dotmatric:u1|changemode:u3|cat[7]      ; 2       ;
; dotmatric:u1|changemode:u3|mouse[7]    ; 3       ;
; dotmatric:u1|changemode:u3|dog[7]      ; 2       ;
; Total number of inverted registers = 3 ;         ;
+----------------------------------------+---------+


+-------------------------------------------------------------------------------------------------------------------------------------------------------------------+
; Multiplexer Restructuring Statistics (Restructuring Performed)                                                                                                    ;
+--------------------+-----------+---------------+----------------------+------------------------+------------+-----------------------------------------------------+
; Multiplexer Inputs ; Bus Width ; Baseline Area ; Area if Restructured ; Saving if Restructured ; Registered ; Example Multiplexer Output                          ;
+--------------------+-----------+---------------+----------------------+------------------------+------------+-----------------------------------------------------+
; 4:1                ; 2 bits    ; 4 LEs         ; 4 LEs                ; 0 LEs                  ; Yes        ; |animation|move[1]                                  ;
; 16:1               ; 3 bits    ; 30 LEs        ; 6 LEs                ; 24 LEs                 ; Yes        ; |animation|dotmatric:u1|changemode:u3|cat[1]        ;
; 16:1               ; 3 bits    ; 30 LEs        ; 6 LEs                ; 24 LEs                 ; Yes        ; |animation|dotmatric:u1|changemode:u3|dog[3]        ;
; 16:1               ; 3 bits    ; 30 LEs        ; 6 LEs                ; 24 LEs                 ; Yes        ; |animation|dotmatric:u1|changemode:u3|mouse[0]      ;
; 3:1                ; 4 bits    ; 8 LEs         ; 8 LEs                ; 0 LEs                  ; No         ; |animation|dotmatric:u1|bicolor_dot_matrix:u2|Mux7  ;
; 6:1                ; 4 bits    ; 16 LEs        ; 12 LEs               ; 4 LEs                  ; No         ; |animation|dotmatric:u1|bicolor_dot_matrix:u2|Mux15 ;
; 5:1                ; 4 bits    ; 12 LEs        ; 8 LEs                ; 4 LEs                  ; No         ; |animation|animal                                   ;
+--------------------+-----------+---------------+----------------------+------------------------+------------+-----------------------------------------------------+


+---------------------------------------------------------------------+
; Parameter Settings for User Entity Instance: dotmatric:u1|divide:u4 ;
+----------------+-------+--------------------------------------------+
; Parameter Name ; Value ; Type                                       ;
+----------------+-------+--------------------------------------------+
; wide           ; 10    ; Signed Integer                             ;
; n              ; 20    ; Signed Integer                             ;
+----------------+-------+--------------------------------------------+
Note: In order to hide this table in the UI and the text report file, please set the "Show Parameter Settings Tables in Synthesis Report" option in "Analysis and Synthesis Settings -> More Settings" to "Off".


+--------------------------------------------------------+
; Parameter Settings for User Entity Instance: divide:u2 ;
+----------------+-------+-------------------------------+
; Parameter Name ; Value ; Type                          ;
+----------------+-------+-------------------------------+
; wide           ; 10    ; Signed Integer                ;
; n              ; 1000  ; Signed Integer                ;
+----------------+-------+-------------------------------+
Note: In order to hide this table in the UI and the text report file, please set the "Show Parameter Settings Tables in Synthesis Report" option in "Analysis and Synthesis Settings -> More Settings" to "Off".


+-------------------------------+
; Analysis & Synthesis Messages ;
+-------------------------------+
Info: *******************************************************************
Info: Running Quartus II 64-Bit Analysis & Synthesis
    Info: Version 9.1 Build 222 10/21/2009 SJ Full Version
    Info: Processing started: Mon Nov 21 11:54:20 2022
Info: Command: quartus_map --read_settings_files=on --write_settings_files=off animation -c animation
Info: Parallel compilation is enabled and will use 8 of the 8 processors detected
Warning: Entity "divide" obtained from "C:/Users/PYashmed/Desktop/CDAR/animation/animation.v" instead of from Quartus II megafunction library
Info: Found 6 design units, including 6 entities, in source file animation.v
    Info: Found entity 1: animation
    Info: Found entity 2: dotmatric
    Info: Found entity 3: cnt8
    Info: Found entity 4: bicolor_dot_matrix
    Info: Found entity 5: changemode
    Info: Found entity 6: divide
Warning (10236): Verilog HDL Implicit Net warning at animation.v(202): created implicit net for "clk1hz"
Info: Elaborating entity "animation" for the top level hierarchy
Info (10264): Verilog HDL Case Statement information at animation.v(91): all case item expressions in this case statement are onehot
Info (10264): Verilog HDL Case Statement information at animation.v(111): all case item expressions in this case statement are onehot
Info (10264): Verilog HDL Case Statement information at animation.v(126): all case item expressions in this case statement are onehot
Info: Elaborating entity "dotmatric" for hierarchy "dotmatric:u1"
Info: Elaborating entity "cnt8" for hierarchy "dotmatric:u1|cnt8:u1"
Info: Elaborating entity "bicolor_dot_matrix" for hierarchy "dotmatric:u1|bicolor_dot_matrix:u2"
Warning (10235): Verilog HDL Always Construct warning at animation.v(233): variable "off" is read inside the Always Construct but isn't in the Always Construct's Event Control
Warning (10235): Verilog HDL Always Construct warning at animation.v(238): variable "cat" is read inside the Always Construct but isn't in the Always Construct's Event Control
Warning (10235): Verilog HDL Always Construct warning at animation.v(239): variable "cat" is read inside the Always Construct but isn't in the Always Construct's Event Control
Warning (10235): Verilog HDL Always Construct warning at animation.v(241): variable "dog" is read inside the Always Construct but isn't in the Always Construct's Event Control
Warning (10235): Verilog HDL Always Construct warning at animation.v(242): variable "dog" is read inside the Always Construct but isn't in the Always Construct's Event Control
Warning (10235): Verilog HDL Always Construct warning at animation.v(244): variable "mouse" is read inside the Always Construct but isn't in the Always Construct's Event Control
Warning (10235): Verilog HDL Always Construct warning at animation.v(245): variable "mouse" is read inside the Always Construct but isn't in the Always Construct's Event Control
Warning (10240): Verilog HDL Always Construct warning at animation.v(232): inferring latch(es) for variable "r", which holds its previous value in one or more paths through the always construct
Warning (10240): Verilog HDL Always Construct warning at animation.v(232): inferring latch(es) for variable "g", which holds its previous value in one or more paths through the always construct
Info (10041): Inferred latch for "g[0]" at animation.v(232)
Info (10041): Inferred latch for "g[1]" at animation.v(232)
Info (10041): Inferred latch for "g[2]" at animation.v(232)
Info (10041): Inferred latch for "g[3]" at animation.v(232)
Info (10041): Inferred latch for "g[4]" at animation.v(232)
Info (10041): Inferred latch for "g[5]" at animation.v(232)
Info (10041): Inferred latch for "g[6]" at animation.v(232)
Info (10041): Inferred latch for "g[7]" at animation.v(232)
Info (10041): Inferred latch for "r[0]" at animation.v(232)
Info (10041): Inferred latch for "r[1]" at animation.v(232)
Info (10041): Inferred latch for "r[2]" at animation.v(232)
Info (10041): Inferred latch for "r[3]" at animation.v(232)
Info (10041): Inferred latch for "r[4]" at animation.v(232)
Info (10041): Inferred latch for "r[5]" at animation.v(232)
Info (10041): Inferred latch for "r[6]" at animation.v(232)
Info (10041): Inferred latch for "r[7]" at animation.v(232)
Info: Elaborating entity "changemode" for hierarchy "dotmatric:u1|changemode:u3"
Info: Elaborating entity "divide" for hierarchy "dotmatric:u1|divide:u4"
Warning (10230): Verilog HDL assignment warning at animation.v(303): truncated value with size 32 to match size of target (10)
Warning (10230): Verilog HDL assignment warning at animation.v(320): truncated value with size 32 to match size of target (10)
Info: Elaborating entity "divide" for hierarchy "divide:u2"
Warning (10230): Verilog HDL assignment warning at animation.v(303): truncated value with size 32 to match size of target (10)
Warning (10230): Verilog HDL assignment warning at animation.v(320): truncated value with size 32 to match size of target (10)
Info: Duplicate LATCH primitives merged into single LATCH primitive
    Info: Duplicate LATCH primitive "dotmatric:u1|bicolor_dot_matrix:u2|r[1]" merged with LATCH primitive "dotmatric:u1|bicolor_dot_matrix:u2|r[0]"
    Info: Duplicate LATCH primitive "dotmatric:u1|bicolor_dot_matrix:u2|r[3]" merged with LATCH primitive "dotmatric:u1|bicolor_dot_matrix:u2|r[2]"
    Info: Duplicate LATCH primitive "dotmatric:u1|bicolor_dot_matrix:u2|r[5]" merged with LATCH primitive "dotmatric:u1|bicolor_dot_matrix:u2|r[4]"
    Info: Duplicate LATCH primitive "dotmatric:u1|bicolor_dot_matrix:u2|r[7]" merged with LATCH primitive "dotmatric:u1|bicolor_dot_matrix:u2|r[6]"
    Info: Duplicate LATCH primitive "dotmatric:u1|bicolor_dot_matrix:u2|g[1]" merged with LATCH primitive "dotmatric:u1|bicolor_dot_matrix:u2|g[0]"
    Info: Duplicate LATCH primitive "dotmatric:u1|bicolor_dot_matrix:u2|g[3]" merged with LATCH primitive "dotmatric:u1|bicolor_dot_matrix:u2|g[2]"
    Info: Duplicate LATCH primitive "dotmatric:u1|bicolor_dot_matrix:u2|g[5]" merged with LATCH primitive "dotmatric:u1|bicolor_dot_matrix:u2|g[4]"
    Info: Duplicate LATCH primitive "dotmatric:u1|bicolor_dot_matrix:u2|g[7]" merged with LATCH primitive "dotmatric:u1|bicolor_dot_matrix:u2|g[6]"
Info: Registers with preset signals will power-up high
Info: 2 registers lost all their fanouts during netlist optimizations. The first 2 are displayed below.
    Info: Register "animal~8" lost all its fanouts during netlist optimizations.
    Info: Register "animal~9" lost all its fanouts during netlist optimizations.
Info: Implemented 147 device resources after synthesis - the final resource count might be different
    Info: Implemented 6 input pins
    Info: Implemented 24 output pins
    Info: Implemented 117 logic cells
Info: Quartus II 64-Bit Analysis & Synthesis was successful. 0 errors, 15 warnings
    Info: Peak virtual memory: 4412 megabytes
    Info: Processing ended: Mon Nov 21 11:54:21 2022
    Info: Elapsed time: 00:00:01
    Info: Total CPU time (on all processors): 00:00:01


